0 verbose cli D:\Program Files\nodejs\node.exe D:\Program Files\nodejs\node_modules\npm\bin\npm-cli.js
1 info using npm@10.8.2
2 info using node@v20.19.6
3 silly config load:file:D:\Program Files\nodejs\node_modules\npm\npmrc
4 silly config load:file:D:\Users\xjz20\Documents\GitHub\video-analysis-and-recommendation-system\frontend-web\.npmrc
5 silly config load:file:C:\Users\xjz20\.npmrc
6 silly config load:file:D:\Program Files\nodejs\node_global\etc\npmrc
7 verbose title npm install
8 verbose argv "install"
9 verbose logfile logs-max:10 dir:D:\Users\xjz20\Documents\GitHub\video-analysis-and-recommendation-system\frontend-web\npm-cache\_logs\2026-01-13T08_13_16_601Z-
10 verbose logfile D:\Users\xjz20\Documents\GitHub\video-analysis-and-recommendation-system\frontend-web\npm-cache\_logs\2026-01-13T08_13_16_601Z-debug-0.log
11 silly packumentCache heap:4345298944 maxSize:1086324736 maxEntrySize:543162368
12 silly logfile done cleaning log files
13 silly idealTree buildDeps
14 silly reify mark retired [
14 silly reify   'D:\\Users\\xjz20\\Documents\\GitHub\\video-analysis-and-recommendation-system\\frontend-web\\node_modules\\echarts'
14 silly reify ]
15 silly reify moves {
15 silly reify   'D:\\Users\\xjz20\\Documents\\GitHub\\video-analysis-and-recommendation-system\\frontend-web\\node_modules\\echarts': 'D:\\Users\\xjz20\\Documents\\GitHub\\video-analysis-and-recommendation-system\\frontend-web\\node_modules\\.echarts-WwTFuMCu'
15 silly reify }
16 silly audit bulk request {
16 silly audit   '@achrinza/node-ipc': [ '9.2.10' ],
16 silly audit   '@babel/code-frame': [ '7.27.1', '7.12.11' ],
16 silly audit   '@babel/compat-data': [ '7.28.5' ],
16 silly audit   '@babel/core': [ '7.28.5' ],
16 silly audit   '@babel/eslint-parser': [ '7.28.5' ],
16 silly audit   '@babel/generator': [ '7.28.5' ],
16 silly audit   '@babel/helper-annotate-as-pure': [ '7.27.3' ],
16 silly audit   '@babel/helper-compilation-targets': [ '7.27.2' ],
16 silly audit   '@babel/helper-create-class-features-plugin': [ '7.28.5' ],
16 silly audit   '@babel/helper-create-regexp-features-plugin': [ '7.28.5' ],
16 silly audit   '@babel/helper-define-polyfill-provider': [ '0.6.5' ],
16 silly audit   '@babel/helper-globals': [ '7.28.0' ],
16 silly audit   '@babel/helper-member-expression-to-functions': [ '7.28.5' ],
16 silly audit   '@babel/helper-module-imports': [ '7.27.1' ],
16 silly audit   '@babel/helper-module-transforms': [ '7.28.3' ],
16 silly audit   '@babel/helper-optimise-call-expression': [ '7.27.1' ],
16 silly audit   '@babel/helper-plugin-utils': [ '7.27.1' ],
16 silly audit   '@babel/helper-remap-async-to-generator': [ '7.27.1' ],
16 silly audit   '@babel/helper-replace-supers': [ '7.27.1' ],
16 silly audit   '@babel/helper-skip-transparent-expression-wrappers': [ '7.27.1' ],
16 silly audit   '@babel/helper-string-parser': [ '7.27.1' ],
16 silly audit   '@babel/helper-validator-identifier': [ '7.28.5' ],
16 silly audit   '@babel/helper-validator-option': [ '7.27.1' ],
16 silly audit   '@babel/helper-wrap-function': [ '7.28.3' ],
16 silly audit   '@babel/helpers': [ '7.28.4' ],
16 silly audit   '@babel/highlight': [ '7.25.9' ],
16 silly audit   'ansi-styles': [ '3.2.1', '4.3.0' ],
16 silly audit   chalk: [ '2.4.2', '4.1.2', '3.0.0' ],
16 silly audit   'color-convert': [ '1.9.3', '2.0.1' ],
16 silly audit   'color-name': [ '1.1.3', '1.1.4' ],
16 silly audit   'has-flag': [ '3.0.0', '4.0.0' ],
16 silly audit   'supports-color': [ '5.5.0', '8.1.1', '7.2.0' ],
16 silly audit   '@babel/parser': [ '7.28.5' ],
16 silly audit   '@babel/plugin-bugfix-firefox-class-in-computed-class-key': [ '7.28.5' ],
16 silly audit   '@babel/plugin-bugfix-safari-class-field-initializer-scope': [ '7.27.1' ],
16 silly audit   '@babel/plugin-bugfix-safari-id-destructuring-collision-in-function-expression': [ '7.27.1' ],
16 silly audit   '@babel/plugin-bugfix-v8-spread-parameters-in-optional-chaining': [ '7.27.1' ],
16 silly audit   '@babel/plugin-bugfix-v8-static-class-fields-redefine-readonly': [ '7.28.3' ],
16 silly audit   '@babel/plugin-proposal-class-properties': [ '7.18.6' ],
16 silly audit   '@babel/plugin-proposal-decorators': [ '7.28.0' ],
16 silly audit   '@babel/plugin-proposal-private-property-in-object': [ '7.21.0-placeholder-for-preset-env.2' ],
16 silly audit   '@babel/plugin-syntax-decorators': [ '7.27.1' ],
16 silly audit   '@babel/plugin-syntax-dynamic-import': [ '7.8.3' ],
16 silly audit   '@babel/plugin-syntax-import-assertions': [ '7.27.1' ],
16 silly audit   '@babel/plugin-syntax-import-attributes': [ '7.27.1' ],
16 silly audit   '@babel/plugin-syntax-jsx': [ '7.27.1' ],
16 silly audit   '@babel/plugin-syntax-unicode-sets-regex': [ '7.18.6' ],
16 silly audit   '@babel/plugin-transform-arrow-functions': [ '7.27.1' ],
16 silly audit   '@babel/plugin-transform-async-generator-functions': [ '7.28.0' ],
16 silly audit   '@babel/plugin-transform-async-to-generator': [ '7.27.1' ],
16 silly audit   '@babel/plugin-transform-block-scoped-functions': [ '7.27.1' ],
16 silly audit   '@babel/plugin-transform-block-scoping': [ '7.28.5' ],
16 silly audit   '@babel/plugin-transform-class-properties': [ '7.27.1' ],
16 silly audit   '@babel/plugin-transform-class-static-block': [ '7.28.3' ],
16 silly audit   '@babel/plugin-transform-classes': [ '7.28.4' ],
16 silly audit   '@babel/plugin-transform-computed-properties': [ '7.27.1' ],
16 silly audit   '@babel/plugin-transform-destructuring': [ '7.28.5' ],
16 silly audit   '@babel/plugin-transform-dotall-regex': [ '7.27.1' ],
16 silly audit   '@babel/plugin-transform-duplicate-keys': [ '7.27.1' ],
16 silly audit   '@babel/plugin-transform-duplicate-named-capturing-groups-regex': [ '7.27.1' ],
16 silly audit   '@babel/plugin-transform-dynamic-import': [ '7.27.1' ],
16 silly audit   '@babel/plugin-transform-explicit-resource-management': [ '7.28.0' ],
16 silly audit   '@babel/plugin-transform-exponentiation-operator': [ '7.28.5' ],
16 silly audit   '@babel/plugin-transform-export-namespace-from': [ '7.27.1' ],
16 silly audit   '@babel/plugin-transform-for-of': [ '7.27.1' ],
16 silly audit   '@babel/plugin-transform-function-name': [ '7.27.1' ],
16 silly audit   '@babel/plugin-transform-json-strings': [ '7.27.1' ],
16 silly audit   '@babel/plugin-transform-literals': [ '7.27.1' ],
16 silly audit   '@babel/plugin-transform-logical-assignment-operators': [ '7.28.5' ],
16 silly audit   '@babel/plugin-transform-member-expression-literals': [ '7.27.1' ],
16 silly audit   '@babel/plugin-transform-modules-amd': [ '7.27.1' ],
16 silly audit   '@babel/plugin-transform-modules-commonjs': [ '7.27.1' ],
16 silly audit   '@babel/plugin-transform-modules-systemjs': [ '7.28.5' ],
16 silly audit   '@babel/plugin-transform-modules-umd': [ '7.27.1' ],
16 silly audit   '@babel/plugin-transform-named-capturing-groups-regex': [ '7.27.1' ],
16 silly audit   '@babel/plugin-transform-new-target': [ '7.27.1' ],
16 silly audit   '@babel/plugin-transform-nullish-coalescing-operator': [ '7.27.1' ],
16 silly audit   '@babel/plugin-transform-numeric-separator': [ '7.27.1' ],
16 silly audit   '@babel/plugin-transform-object-rest-spread': [ '7.28.4' ],
16 silly audit   '@babel/plugin-transform-object-super': [ '7.27.1' ],
16 silly audit   '@babel/plugin-transform-optional-catch-binding': [ '7.27.1' ],
16 silly audit   '@babel/plugin-transform-optional-chaining': [ '7.28.5' ],
16 silly audit   '@babel/plugin-transform-parameters': [ '7.27.7' ],
16 silly audit   '@babel/plugin-transform-private-methods': [ '7.27.1' ],
16 silly audit   '@babel/plugin-transform-private-property-in-object': [ '7.27.1' ],
16 silly audit   '@babel/plugin-transform-property-literals': [ '7.27.1' ],
16 silly audit   '@babel/plugin-transform-regenerator': [ '7.28.4' ],
16 silly audit   '@babel/plugin-transform-regexp-modifiers': [ '7.27.1' ],
16 silly audit   '@babel/plugin-transform-reserved-words': [ '7.27.1' ],
16 silly audit   '@babel/plugin-transform-runtime': [ '7.28.5' ],
16 silly audit   '@babel/plugin-transform-shorthand-properties': [ '7.27.1' ],
16 silly audit   '@babel/plugin-transform-spread': [ '7.27.1' ],
16 silly audit   '@babel/plugin-transform-sticky-regex': [ '7.27.1' ],
16 silly audit   '@babel/plugin-transform-template-literals': [ '7.27.1' ],
16 silly audit   '@babel/plugin-transform-typeof-symbol': [ '7.27.1' ],
16 silly audit   '@babel/plugin-transform-unicode-escapes': [ '7.27.1' ],
16 silly audit   '@babel/plugin-transform-unicode-property-regex': [ '7.27.1' ],
16 silly audit   '@babel/plugin-transform-unicode-regex': [ '7.27.1' ],
16 silly audit   '@babel/plugin-transform-unicode-sets-regex': [ '7.27.1' ],
16 silly audit   '@babel/preset-env': [ '7.28.5' ],
16 silly audit   '@babel/preset-modules': [ '0.1.6-no-external-plugins' ],
16 silly audit   '@babel/runtime': [ '7.28.4' ],
16 silly audit   '@babel/template': [ '7.27.2' ],
16 silly audit   '@babel/traverse': [ '7.28.5' ],
16 silly audit   '@babel/types': [ '7.28.5' ],
16 silly audit   '@discoveryjs/json-ext': [ '0.5.7' ],
16 silly audit   '@eslint/eslintrc': [ '0.4.3' ],
16 silly audit   ignore: [ '4.0.6', '5.3.2' ],
16 silly audit   '@hapi/hoek': [ '9.3.0' ],
16 silly audit   '@hapi/topo': [ '5.1.0' ],
16 silly audit   '@humanwhocodes/config-array': [ '0.5.0' ],
16 silly audit   '@humanwhocodes/object-schema': [ '1.2.1' ],
16 silly audit   '@jridgewell/gen-mapping': [ '0.3.13' ],
16 silly audit   '@jridgewell/remapping': [ '2.3.5' ],
16 silly audit   '@jridgewell/resolve-uri': [ '3.1.2' ],
16 silly audit   '@jridgewell/source-map': [ '0.3.11' ],
16 silly audit   '@jridgewell/sourcemap-codec': [ '1.5.5' ],
16 silly audit   '@jridgewell/trace-mapping': [ '0.3.31' ],
16 silly audit   '@leichtgewicht/ip-codec': [ '2.0.5' ],
16 silly audit   '@nicolo-ribaudo/eslint-scope-5-internals': [ '5.1.1-v1' ],
16 silly audit   '@node-ipc/js-queue': [ '2.0.3' ],
16 silly audit   '@nodelib/fs.scandir': [ '2.1.5' ],
16 silly audit   '@nodelib/fs.stat': [ '2.0.5' ],
16 silly audit   '@nodelib/fs.walk': [ '1.2.8' ],
16 silly audit   '@polka/url': [ '1.0.0-next.29' ],
16 silly audit   '@sideway/address': [ '4.1.5' ],
16 silly audit   '@sideway/formula': [ '3.0.1' ],
16 silly audit   '@sideway/pinpoint': [ '2.0.0' ],
16 silly audit   '@soda/friendly-errors-webpack-plugin': [ '1.8.1' ],
16 silly audit   '@soda/get-current-script': [ '1.0.2' ],
16 silly audit   '@trysound/sax': [ '0.2.0' ],
16 silly audit   '@types/body-parser': [ '1.19.6' ],
16 silly audit   '@types/bonjour': [ '3.5.13' ],
16 silly audit   '@types/connect': [ '3.4.38' ],
16 silly audit   '@types/connect-history-api-fallback': [ '1.5.4' ],
16 silly audit   '@types/eslint': [ '8.56.12' ],
16 silly audit   '@types/eslint-scope': [ '3.7.7' ],
16 silly audit   '@types/estree': [ '1.0.8' ],
16 silly audit   '@types/express': [ '4.17.25' ],
16 silly audit   '@types/express-serve-static-core': [ '5.1.1', '4.19.8' ],
16 silly audit   '@types/html-minifier-terser': [ '6.1.0' ],
16 silly audit   '@types/http-errors': [ '2.0.5' ],
16 silly audit   '@types/http-proxy': [ '1.17.17' ],
16 silly audit   '@types/json-schema': [ '7.0.15' ],
16 silly audit   '@types/mime': [ '1.3.5' ],
16 silly audit   '@types/minimist': [ '1.2.5' ],
16 silly audit   '@types/node': [ '25.0.6' ],
16 silly audit   '@types/node-forge': [ '1.3.14' ],
16 silly audit   '@types/normalize-package-data': [ '2.4.4' ],
16 silly audit   '@types/parse-json': [ '4.0.2' ],
16 silly audit   '@types/qs': [ '6.14.0' ],
16 silly audit   '@types/range-parser': [ '1.2.7' ],
16 silly audit   '@types/retry': [ '0.12.0' ],
16 silly audit   '@types/send': [ '1.2.1', '0.17.6' ],
16 silly audit   '@types/serve-index': [ '1.9.4' ],
16 silly audit   '@types/serve-static': [ '1.15.10' ],
16 silly audit   '@types/sockjs': [ '0.3.36' ],
16 silly audit   '@types/ws': [ '8.18.1' ],
16 silly audit   '@vue/babel-helper-vue-jsx-merge-props': [ '1.4.0' ],
16 silly audit   '@vue/babel-helper-vue-transform-on': [ '1.5.0' ],
16 silly audit   '@vue/babel-plugin-jsx': [ '1.5.0' ],
16 silly audit   '@vue/babel-plugin-resolve-type': [ '1.5.0' ],
16 silly audit   '@vue/babel-plugin-transform-vue-jsx': [ '1.4.0' ],
16 silly audit   '@vue/babel-preset-app': [ '5.0.9' ],
16 silly audit   semver: [ '7.7.3', '5.7.2', '6.3.1' ],
16 silly audit   '@vue/babel-preset-jsx': [ '1.4.0' ],
16 silly audit   '@vue/babel-sugar-composition-api-inject-h': [ '1.4.0' ],
16 silly audit   '@vue/babel-sugar-composition-api-render-instance': [ '1.4.0' ],
16 silly audit   '@vue/babel-sugar-functional-vue': [ '1.4.0' ],
16 silly audit   '@vue/babel-sugar-inject-h': [ '1.4.0' ],
16 silly audit   '@vue/babel-sugar-v-model': [ '1.4.0' ],
16 silly audit   '@vue/babel-sugar-v-on': [ '1.4.0' ],
16 silly audit   '@vue/cli-overlay': [ '5.0.9' ],
16 silly audit   '@vue/cli-plugin-babel': [ '5.0.9' ],
16 silly audit   '@vue/cli-plugin-eslint': [ '5.0.9' ],
16 silly audit   '@vue/cli-plugin-router': [ '5.0.9' ],
16 silly audit   '@vue/cli-plugin-vuex': [ '5.0.9' ],
16 silly audit   '@vue/cli-service': [ '5.0.9' ],
16 silly audit   '@vue/cli-shared-utils': [ '5.0.9' ],
16 silly audit   'lru-cache': [ '6.0.0', '4.1.5', '5.1.1' ],
16 silly audit   yallist: [ '4.0.0', '2.1.2', '3.1.1' ],
16 silly audit   '@vue/compiler-core': [ '3.5.26' ],
16 silly audit   '@vue/compiler-dom': [ '3.5.26' ],
16 silly audit   '@vue/compiler-sfc': [ '3.5.26', '2.7.16' ],
16 silly audit   '@vue/compiler-ssr': [ '3.5.26' ],
16 silly audit   '@vue/component-compiler-utils': [ '3.3.0' ],
16 silly audit   'hash-sum': [ '1.0.2', '2.0.0' ],
16 silly audit   picocolors: [ '0.2.1', '1.1.1' ],
16 silly audit   postcss: [ '7.0.39', '8.5.6' ],
16 silly audit   '@vue/shared': [ '3.5.26' ],
16 silly audit   'vue-loader': [ '15.11.1', '17.4.2' ],
16 silly audit   '@vue/web-component-wrapper': [ '1.3.0' ],
16 silly audit   '@webassemblyjs/ast': [ '1.14.1' ],
16 silly audit   '@webassemblyjs/floating-point-hex-parser': [ '1.13.2' ],
16 silly audit   '@webassemblyjs/helper-api-error': [ '1.13.2' ],
16 silly audit   '@webassemblyjs/helper-buffer': [ '1.14.1' ],
16 silly audit   '@webassemblyjs/helper-numbers': [ '1.13.2' ],
16 silly audit   '@webassemblyjs/helper-wasm-bytecode': [ '1.13.2' ],
16 silly audit   '@webassemblyjs/helper-wasm-section': [ '1.14.1' ],
16 silly audit   '@webassemblyjs/ieee754': [ '1.13.2' ],
16 silly audit   '@webassemblyjs/leb128': [ '1.13.2' ],
16 silly audit   '@webassemblyjs/utf8': [ '1.13.2' ],
16 silly audit   '@webassemblyjs/wasm-edit': [ '1.14.1' ],
16 silly audit   '@webassemblyjs/wasm-gen': [ '1.14.1' ],
16 silly audit   '@webassemblyjs/wasm-opt': [ '1.14.1' ],
16 silly audit   '@webassemblyjs/wasm-parser': [ '1.14.1' ],
16 silly audit   '@webassemblyjs/wast-printer': [ '1.14.1' ],
16 silly audit   '@xtuc/ieee754': [ '1.2.0' ],
16 silly audit   '@xtuc/long': [ '4.2.2' ],
16 silly audit   accepts: [ '1.3.8' ],
16 silly audit   negotiator: [ '0.6.3', '0.6.4' ],
16 silly audit   acorn: [ '8.15.0', '7.4.1' ],
16 silly audit   'acorn-import-phases': [ '1.0.4' ],
16 silly audit   'acorn-jsx': [ '5.3.2' ],
16 silly audit   'acorn-walk': [ '8.3.4' ],
16 silly audit   address: [ '1.2.2' ],
16 silly audit   ajv: [ '6.12.6', '8.17.1' ],
16 silly audit   'ajv-formats': [ '2.1.1' ],
16 silly audit   'json-schema-traverse': [ '1.0.0', '0.4.1' ],
16 silly audit   'ajv-keywords': [ '3.5.2', '5.1.0' ],
16 silly audit   'ansi-colors': [ '4.1.3' ],
16 silly audit   'ansi-escapes': [ '3.2.0' ],
16 silly audit   'ansi-html-community': [ '0.0.8' ],
16 silly audit   'ansi-regex': [ '5.0.1', '3.0.1' ],
16 silly audit   'any-promise': [ '1.3.0' ],
16 silly audit   anymatch: [ '3.1.3' ],
16 silly audit   arch: [ '2.2.0' ],
16 silly audit   argparse: [ '1.0.10' ],
16 silly audit   'array-flatten': [ '1.1.1' ],
16 silly audit   'array-union': [ '2.1.0' ],
16 silly audit   'astral-regex': [ '2.0.0' ],
16 silly audit   async: [ '3.2.6' ],
16 silly audit   'async-validator': [ '1.8.5' ],
16 silly audit   asynckit: [ '0.4.0' ],
16 silly audit   'at-least-node': [ '1.0.0' ],
16 silly audit   autoprefixer: [ '10.4.23' ],
16 silly audit   axios: [ '1.13.2' ],
16 silly audit   'babel-helper-vue-jsx-merge-props': [ '2.0.3' ],
16 silly audit   'babel-loader': [ '8.4.1' ],
16 silly audit   'loader-utils': [ '2.0.4', '1.4.2' ],
16 silly audit   'babel-plugin-dynamic-import-node': [ '2.3.3' ],
16 silly audit   'babel-plugin-polyfill-corejs2': [ '0.4.14' ],
16 silly audit   'babel-plugin-polyfill-corejs3': [ '0.13.0' ],
16 silly audit   'babel-plugin-polyfill-regenerator': [ '0.6.5' ],
16 silly audit   'babel-runtime': [ '6.26.0' ],
16 silly audit   'core-js': [ '2.6.12', '3.47.0' ],
16 silly audit   'balanced-match': [ '1.0.2' ],
16 silly audit   'base64-js': [ '1.5.1' ],
16 silly audit   'baseline-browser-mapping': [ '2.9.14' ],
16 silly audit   batch: [ '0.6.1' ],
16 silly audit   'big.js': [ '5.2.2' ],
16 silly audit   'binary-extensions': [ '2.3.0' ],
16 silly audit   bl: [ '4.1.0' ],
16 silly audit   bluebird: [ '3.7.2' ],
16 silly audit   'body-parser': [ '1.20.4' ],
16 silly audit   debug: [ '2.6.9', '4.4.3' ],
16 silly audit   ms: [ '2.0.0', '2.1.3' ],
16 silly audit   'bonjour-service': [ '1.3.0' ],
16 silly audit   boolbase: [ '1.0.0' ],
16 silly audit   'brace-expansion': [ '1.1.12' ],
16 silly audit   braces: [ '3.0.3' ],
16 silly audit   browserslist: [ '4.28.1' ],
16 silly audit   buffer: [ '5.7.1' ],
16 silly audit   'buffer-from': [ '1.1.2' ],
16 silly audit   bytes: [ '3.1.2' ],
16 silly audit   'call-bind': [ '1.0.8' ],
16 silly audit   'call-bind-apply-helpers': [ '1.0.2' ],
16 silly audit   'call-bound': [ '1.0.4' ],
16 silly audit   callsites: [ '3.1.0' ],
16 silly audit   'camel-case': [ '4.1.2' ],
16 silly audit   camelcase: [ '5.3.1' ],
16 silly audit   'caniuse-api': [ '3.0.0' ],
16 silly audit   'caniuse-lite': [ '1.0.30001764' ],
16 silly audit   'case-sensitive-paths-webpack-plugin': [ '2.4.0' ],
16 silly audit   chokidar: [ '3.6.0' ],
16 silly audit   'glob-parent': [ '5.1.2', '6.0.2' ],
16 silly audit   'chrome-trace-event': [ '1.0.4' ],
16 silly audit   'ci-info': [ '1.6.0' ],
16 silly audit   'clean-css': [ '5.3.3' ],
16 silly audit   'cli-cursor': [ '3.1.0', '2.1.0' ],
16 silly audit   'cli-highlight': [ '2.1.11' ],
16 silly audit   'cli-spinners': [ '2.9.2' ],
16 silly audit   clipboardy: [ '2.3.0' ],
16 silly audit   cliui: [ '7.0.4' ],
16 silly audit   clone: [ '1.0.4' ],
16 silly audit   'clone-deep': [ '4.0.1' ],
16 silly audit   colord: [ '2.9.3' ],
16 silly audit   colorette: [ '2.0.20' ],
16 silly audit   'combined-stream': [ '1.0.8' ],
16 silly audit   commander: [ '8.3.0', '7.2.0', '2.20.3' ],
16 silly audit   commondir: [ '1.0.1' ],
16 silly audit   compressible: [ '2.0.18' ],
16 silly audit   compression: [ '1.8.1' ],
16 silly audit   'concat-map': [ '0.0.1' ],
16 silly audit   'connect-history-api-fallback': [ '2.0.0' ],
16 silly audit   consolidate: [ '0.15.1' ],
16 silly audit   'content-disposition': [ '0.5.4' ],
16 silly audit   'content-type': [ '1.0.5' ],
16 silly audit   'convert-source-map': [ '2.0.0' ],
16 silly audit   cookie: [ '0.7.2' ],
16 silly audit   'cookie-signature': [ '1.0.7' ],
16 silly audit   'copy-webpack-plugin': [ '9.1.0' ],
16 silly audit   'schema-utils': [ '3.3.0', '4.3.3', '2.7.1' ],
16 silly audit   'core-js-compat': [ '3.47.0' ],
16 silly audit   'core-util-is': [ '1.0.3' ],
16 silly audit   cosmiconfig: [ '7.1.0' ],
16 silly audit   'cross-spawn': [ '6.0.6', '7.0.6', '5.1.0' ],
16 silly audit   'css-declaration-sorter': [ '6.4.1' ],
16 silly audit   'css-loader': [ '6.11.0' ],
16 silly audit   'css-minimizer-webpack-plugin': [ '3.4.1' ],
16 silly audit   'css-select': [ '4.3.0' ],
16 silly audit   'css-tree': [ '1.1.3' ],
16 silly audit   'css-what': [ '6.2.2' ],
16 silly audit   cssesc: [ '3.0.0' ],
16 silly audit   cssnano: [ '5.1.15' ],
16 silly audit   'cssnano-preset-default': [ '5.2.14' ],
16 silly audit   'cssnano-utils': [ '3.1.0' ],
16 silly audit   csso: [ '4.2.0' ],
16 silly audit   csstype: [ '3.2.3' ],
16 silly audit   'de-indent': [ '1.0.2' ],
16 silly audit   debounce: [ '1.2.1' ],
16 silly audit   'deep-is': [ '0.1.4' ],
16 silly audit   deepmerge: [ '1.5.2' ],
16 silly audit   'default-gateway': [ '6.0.3' ],
16 silly audit   execa: [ '5.1.1', '1.0.0', '0.8.0' ],
16 silly audit   'get-stream': [ '6.0.1', '4.1.0', '3.0.0' ],
16 silly audit   'is-stream': [ '2.0.1', '1.1.0' ],
16 silly audit   'npm-run-path': [ '4.0.1', '2.0.2' ],
16 silly audit   'path-key': [ '3.1.1', '2.0.1' ],
16 silly audit   'shebang-command': [ '2.0.0', '1.2.0' ],
16 silly audit   'shebang-regex': [ '3.0.0', '1.0.0' ],
16 silly audit   which: [ '2.0.2', '1.3.1' ],
16 silly audit   defaults: [ '1.0.4' ],
16 silly audit   'define-data-property': [ '1.1.4' ],
16 silly audit   'define-lazy-prop': [ '2.0.0' ],
16 silly audit   'define-properties': [ '1.2.1' ],
16 silly audit   'delayed-stream': [ '1.0.0' ],
16 silly audit   depd: [ '2.0.0', '1.1.2' ],
16 silly audit   destroy: [ '1.2.0' ],
16 silly audit   'detect-node': [ '2.1.0' ],
16 silly audit   'dir-glob': [ '3.0.1' ],
16 silly audit   'dns-packet': [ '5.6.1' ],
16 silly audit   doctrine: [ '3.0.0' ],
16 silly audit   'dom-converter': [ '0.2.0' ],
16 silly audit   'dom-serializer': [ '1.4.1' ],
16 silly audit   entities: [ '2.2.0', '7.0.0' ],
16 silly audit   domelementtype: [ '2.3.0' ],
16 silly audit   domhandler: [ '4.3.1' ],
16 silly audit   domutils: [ '2.8.0' ],
16 silly audit   'dot-case': [ '3.0.4' ],
16 silly audit   dotenv: [ '10.0.0' ],
16 silly audit   'dotenv-expand': [ '5.1.0' ],
16 silly audit   'dunder-proto': [ '1.0.1' ],
16 silly audit   duplexer: [ '0.1.2' ],
16 silly audit   'easy-stack': [ '1.0.1' ],
16 silly audit   echarts: [ '6.0.0' ],
16 silly audit   tslib: [ '2.3.0', '2.8.1' ],
16 silly audit   'ee-first': [ '1.1.1' ],
16 silly audit   'electron-to-chromium': [ '1.5.267' ],
16 silly audit   'element-ui': [ '2.15.14' ],
16 silly audit   'emoji-regex': [ '8.0.0' ],
16 silly audit   'emojis-list': [ '3.0.0' ],
16 silly audit   encodeurl: [ '2.0.0' ],
16 silly audit   'end-of-stream': [ '1.4.5' ],
16 silly audit   'enhanced-resolve': [ '5.18.4' ],
16 silly audit   enquirer: [ '2.4.1' ],
16 silly audit   'error-ex': [ '1.3.4' ],
16 silly audit   'error-stack-parser': [ '2.1.4' ],
16 silly audit   'es-define-property': [ '1.0.1' ],
16 silly audit   'es-errors': [ '1.3.0' ],
16 silly audit   'es-module-lexer': [ '2.0.0' ],
16 silly audit   'es-object-atoms': [ '1.1.1' ],
16 silly audit   'es-set-tostringtag': [ '2.1.0' ],
16 silly audit   escalade: [ '3.2.0' ],
16 silly audit   'escape-html': [ '1.0.3' ],
16 silly audit   'escape-string-regexp': [ '1.0.5', '4.0.0' ],
16 silly audit   eslint: [ '7.32.0' ],
16 silly audit   'eslint-plugin-vue': [ '8.7.1' ],
16 silly audit   'eslint-utils': [ '3.0.0', '2.1.0' ],
16 silly audit   'eslint-scope': [ '5.1.1', '7.2.2' ],
16 silly audit   'eslint-visitor-keys': [ '1.3.0', '2.1.0', '3.4.3' ],
16 silly audit   'eslint-webpack-plugin': [ '3.2.0' ],
16 silly audit   'jest-worker': [ '28.1.3', '27.5.1' ],
16 silly audit   espree: [ '7.3.1', '9.6.1' ],
16 silly audit   esprima: [ '4.0.1' ],
16 silly audit   esquery: [ '1.7.0' ],
16 silly audit   estraverse: [ '5.3.0', '4.3.0' ],
16 silly audit   esrecurse: [ '4.3.0' ],
16 silly audit   'estree-walker': [ '2.0.2' ],
16 silly audit   esutils: [ '2.0.3' ],
16 silly audit   etag: [ '1.8.1' ],
16 silly audit   'event-pubsub': [ '4.3.0' ],
16 silly audit   eventemitter3: [ '4.0.7' ],
16 silly audit   events: [ '3.3.0' ],
16 silly audit   express: [ '4.22.1' ],
16 silly audit   'fast-deep-equal': [ '3.1.3' ],
16 silly audit   'fast-glob': [ '3.3.3' ],
16 silly audit   'fast-json-stable-stringify': [ '2.1.0' ],
16 silly audit   'fast-levenshtein': [ '2.0.6' ],
16 silly audit   'fast-uri': [ '3.1.0' ],
16 silly audit   fastq: [ '1.20.1' ],
16 silly audit   'faye-websocket': [ '0.11.4' ],
16 silly audit   figures: [ '2.0.0' ],
16 silly audit   'file-entry-cache': [ '6.0.1' ],
16 silly audit   'fill-range': [ '7.1.1' ],
16 silly audit   finalhandler: [ '1.3.2' ],
16 silly audit   'find-cache-dir': [ '3.3.2' ],
16 silly audit   'find-up': [ '4.1.0' ],
16 silly audit   flat: [ '5.0.2' ],
16 silly audit   'flat-cache': [ '3.2.0' ],
16 silly audit   flatted: [ '3.3.3' ],
16 silly audit   'follow-redirects': [ '1.15.11' ],
16 silly audit   'form-data': [ '4.0.5' ],
16 silly audit   forwarded: [ '0.2.0' ],
16 silly audit   'fraction.js': [ '5.3.4' ],
16 silly audit   fresh: [ '0.5.2' ],
16 silly audit   'fs-extra': [ '9.1.0' ],
16 silly audit   'fs-monkey': [ '1.1.0' ],
16 silly audit   'fs.realpath': [ '1.0.0' ],
16 silly audit   fsevents: [ '2.3.3' ],
16 silly audit   'function-bind': [ '1.1.2' ],
16 silly audit   'functional-red-black-tree': [ '1.0.1' ],
16 silly audit   gensync: [ '1.0.0-beta.2' ],
16 silly audit   'get-caller-file': [ '2.0.5' ],
16 silly audit   'get-intrinsic': [ '1.3.0' ],
16 silly audit   'get-proto': [ '1.0.1' ],
16 silly audit   glob: [ '7.2.3' ],
16 silly audit   'glob-to-regexp': [ '0.4.1' ],
16 silly audit   globals: [ '13.24.0' ],
16 silly audit   'type-fest': [ '0.20.2', '0.8.1', '0.6.0' ],
16 silly audit   globby: [ '11.1.0' ],
16 silly audit   gopd: [ '1.2.0' ],
16 silly audit   'graceful-fs': [ '4.2.11' ],
16 silly audit   'gzip-size': [ '6.0.0' ],
16 silly audit   'handle-thing': [ '2.0.1' ],
16 silly audit   'has-property-descriptors': [ '1.0.2' ],
16 silly audit   'has-symbols': [ '1.1.0' ],
16 silly audit   'has-tostringtag': [ '1.0.2' ],
16 silly audit   hasown: [ '2.0.2' ],
16 silly audit   he: [ '1.2.0' ],
16 silly audit   'highlight.js': [ '10.7.3' ],
16 silly audit   'hosted-git-info': [ '2.8.9' ],
16 silly audit   'hpack.js': [ '2.1.6' ],
16 silly audit   'readable-stream': [ '2.3.8', '3.6.2' ],
16 silly audit   'safe-buffer': [ '5.1.2', '5.2.1' ],
16 silly audit   string_decoder: [ '1.1.1', '1.3.0' ],
16 silly audit   'html-entities': [ '2.6.0' ],
16 silly audit   'html-escaper': [ '2.0.2' ],
16 silly audit   'html-minifier-terser': [ '6.1.0' ],
16 silly audit   'html-tags': [ '2.0.0' ],
16 silly audit   'html-webpack-plugin': [ '5.6.5' ],
16 silly audit   htmlparser2: [ '6.1.0' ],
16 silly audit   'http-deceiver': [ '1.2.7' ],
16 silly audit   'http-errors': [ '2.0.1', '1.6.3' ],
16 silly audit   'http-parser-js': [ '0.5.10' ],
16 silly audit   'http-proxy': [ '1.18.1' ],
16 silly audit   'http-proxy-middleware': [ '2.0.9' ],
16 silly audit   'human-signals': [ '2.1.0' ],
16 silly audit   'iconv-lite': [ '0.4.24' ],
16 silly audit   'icss-utils': [ '5.1.0' ],
16 silly audit   ieee754: [ '1.2.1' ],
16 silly audit   'import-fresh': [ '3.3.1' ],
16 silly audit   imurmurhash: [ '0.1.4' ],
16 silly audit   inflight: [ '1.0.6' ],
16 silly audit   inherits: [ '2.0.4', '2.0.3' ],
16 silly audit   'ipaddr.js': [ '2.3.0', '1.9.1' ],
16 silly audit   'is-arrayish': [ '0.2.1' ],
16 silly audit   'is-binary-path': [ '2.1.0' ],
16 silly audit   'is-ci': [ '1.2.1' ],
16 silly audit   'is-core-module': [ '2.16.1' ],
16 silly audit   'is-docker': [ '2.2.1' ],
16 silly audit   'is-extglob': [ '2.1.1' ],
16 silly audit   'is-file-esm': [ '1.0.0' ],
16 silly audit   'is-fullwidth-code-point': [ '3.0.0', '2.0.0' ],
16 silly audit   'is-glob': [ '4.0.3' ],
16 silly audit   'is-interactive': [ '1.0.0' ],
16 silly audit   'is-number': [ '7.0.0' ],
16 silly audit   'is-plain-obj': [ '3.0.0' ],
16 silly audit   'is-plain-object': [ '2.0.4' ],
16 silly audit   'is-unicode-supported': [ '0.1.0' ],
16 silly audit   'is-wsl': [ '2.2.0' ],
16 silly audit   isarray: [ '1.0.0' ],
16 silly audit   isexe: [ '2.0.0' ],
16 silly audit   isobject: [ '3.0.1' ],
16 silly audit   'javascript-stringify': [ '2.1.0' ],
16 silly audit   joi: [ '17.13.3' ],
16 silly audit   'js-message': [ '1.0.7' ],
16 silly audit   'js-tokens': [ '4.0.0' ],
16 silly audit   'js-yaml': [ '3.14.2' ],
16 silly audit   jsesc: [ '3.1.0' ],
16 silly audit   'json-buffer': [ '3.0.1' ],
16 silly audit   'json-parse-better-errors': [ '1.0.2' ],
16 silly audit   'json-parse-even-better-errors': [ '2.3.1' ],
16 silly audit   'json-stable-stringify-without-jsonify': [ '1.0.1' ],
16 silly audit   json5: [ '2.2.3', '1.0.2' ],
16 silly audit   jsonfile: [ '6.2.0' ],
16 silly audit   keyv: [ '4.5.4' ],
16 silly audit   'kind-of': [ '6.0.3' ],
16 silly audit   klona: [ '2.0.6' ],
16 silly audit   'launch-editor': [ '2.12.0' ],
16 silly audit   'launch-editor-middleware': [ '2.12.0' ],
16 silly audit   levn: [ '0.4.1' ],
16 silly audit   lilconfig: [ '2.1.0' ],
16 silly audit   'lines-and-columns': [ '1.2.4' ],
16 silly audit   'loader-runner': [ '4.3.1' ],
16 silly audit   'locate-path': [ '5.0.0' ],
16 silly audit   lodash: [ '4.17.21' ],
16 silly audit   'lodash.debounce': [ '4.0.8' ],
16 silly audit   'lodash.defaultsdeep': [ '4.6.1' ],
16 silly audit   'lodash.kebabcase': [ '4.1.1' ],
16 silly audit   'lodash.mapvalues': [ '4.6.0' ],
16 silly audit   'lodash.memoize': [ '4.1.2' ],
16 silly audit   'lodash.merge': [ '4.6.2' ],
16 silly audit   'lodash.truncate': [ '4.4.2' ],
16 silly audit   'lodash.uniq': [ '4.5.0' ],
16 silly audit   'log-symbols': [ '4.1.0' ],
16 silly audit   'log-update': [ '2.3.0' ],
16 silly audit   'mimic-fn': [ '1.2.0', '2.1.0' ],
16 silly audit   onetime: [ '2.0.1', '5.1.2' ],
16 silly audit   'restore-cursor': [ '2.0.0', '3.1.0' ],
16 silly audit   'string-width': [ '2.1.1', '4.2.3' ],
16 silly audit   'strip-ansi': [ '4.0.0', '6.0.1' ],
16 silly audit   'wrap-ansi': [ '3.0.1', '7.0.0' ],
16 silly audit   'lower-case': [ '2.0.2' ],
16 silly audit   'magic-string': [ '0.30.21' ],
16 silly audit   'make-dir': [ '3.1.0' ],
16 silly audit   'math-intrinsics': [ '1.1.0' ],
16 silly audit   'mdn-data': [ '2.0.14' ],
16 silly audit   'media-typer': [ '0.3.0' ],
16 silly audit   memfs: [ '3.5.3' ],
16 silly audit   'merge-descriptors': [ '1.0.3' ],
16 silly audit   'merge-source-map': [ '1.1.0' ],
16 silly audit   'merge-stream': [ '2.0.0' ],
16 silly audit   merge2: [ '1.4.1' ],
16 silly audit   methods: [ '1.1.2' ],
16 silly audit   micromatch: [ '4.0.8' ],
16 silly audit   mime: [ '1.6.0' ],
16 silly audit   'mime-db': [ '1.52.0' ],
16 silly audit   'mime-types': [ '2.1.35' ],
16 silly audit   'mini-css-extract-plugin': [ '2.9.4' ],
16 silly audit   'minimalistic-assert': [ '1.0.1' ],
16 silly audit   minimatch: [ '3.1.2' ],
16 silly audit   minimist: [ '1.2.8' ],
16 silly audit   minipass: [ '3.3.6' ],
16 silly audit   'module-alias': [ '2.2.3' ],
16 silly audit   mrmime: [ '2.0.1' ],
16 silly audit   'multicast-dns': [ '7.2.5' ],
16 silly audit   mz: [ '2.7.0' ],
16 silly audit   nanoid: [ '3.3.11' ],
16 silly audit   'natural-compare': [ '1.4.0' ],
16 silly audit   'neo-async': [ '2.6.2' ],
16 silly audit   'nice-try': [ '1.0.5' ],
16 silly audit   'no-case': [ '3.0.4' ],
16 silly audit   'node-fetch': [ '2.7.0' ],
16 silly audit   'node-forge': [ '1.3.3' ],
16 silly audit   'node-releases': [ '2.0.27' ],
16 silly audit   'normalize-package-data': [ '2.5.0' ],
16 silly audit   'normalize-path': [ '3.0.0', '1.0.0' ],
16 silly audit   'normalize-url': [ '6.1.0' ],
16 silly audit   'normalize-wheel': [ '1.0.1' ],
16 silly audit   'nth-check': [ '2.1.1' ],
16 silly audit   'object-assign': [ '4.1.1' ],
16 silly audit   'object-inspect': [ '1.13.4' ],
16 silly audit   'object-keys': [ '1.1.1' ],
16 silly audit   'object.assign': [ '4.1.7' ],
16 silly audit   obuf: [ '1.1.2' ],
16 silly audit   'on-finished': [ '2.4.1' ],
16 silly audit   'on-headers': [ '1.1.0' ],
16 silly audit   once: [ '1.4.0' ],
16 silly audit   open: [ '8.4.2' ],
16 silly audit   opener: [ '1.5.2' ],
16 silly audit   optionator: [ '0.9.4' ],
16 silly audit   ora: [ '5.4.1' ],
16 silly audit   'p-finally': [ '1.0.0' ],
16 silly audit   'p-limit': [ '2.3.0' ],
16 silly audit   'p-locate': [ '4.1.0' ],
16 silly audit   'p-retry': [ '4.6.2' ],
16 silly audit   'p-try': [ '2.2.0' ],
16 silly audit   'param-case': [ '3.0.4' ],
16 silly audit   'parent-module': [ '1.0.1' ],
16 silly audit   'parse-json': [ '5.2.0' ],
16 silly audit   parse5: [ '5.1.1', '6.0.1' ],
16 silly audit   'parse5-htmlparser2-tree-adapter': [ '6.0.1' ],
16 silly audit   parseurl: [ '1.3.3' ],
16 silly audit   'pascal-case': [ '3.1.2' ],
16 silly audit   'path-exists': [ '4.0.0' ],
16 silly audit   'path-is-absolute': [ '1.0.1' ],
16 silly audit   'path-parse': [ '1.0.7' ],
16 silly audit   'path-to-regexp': [ '0.1.12' ],
16 silly audit   'path-type': [ '4.0.0' ],
16 silly audit   picomatch: [ '2.3.1' ],
16 silly audit   'pkg-dir': [ '4.2.0' ],
16 silly audit   portfinder: [ '1.0.38' ],
16 silly audit   'postcss-calc': [ '8.2.4' ],
16 silly audit   'postcss-colormin': [ '5.3.1' ],
16 silly audit   'postcss-convert-values': [ '5.1.3' ],
16 silly audit   'postcss-discard-comments': [ '5.1.2' ],
16 silly audit   'postcss-discard-duplicates': [ '5.1.0' ],
16 silly audit   'postcss-discard-empty': [ '5.1.1' ],
16 silly audit   'postcss-discard-overridden': [ '5.1.0' ],
16 silly audit   'postcss-loader': [ '6.2.1' ],
16 silly audit   'postcss-merge-longhand': [ '5.1.7' ],
16 silly audit   'postcss-merge-rules': [ '5.1.4' ],
16 silly audit   'postcss-minify-font-values': [ '5.1.0' ],
16 silly audit   'postcss-minify-gradients': [ '5.1.1' ],
16 silly audit   'postcss-minify-params': [ '5.1.4' ],
16 silly audit   'postcss-minify-selectors': [ '5.2.1' ],
16 silly audit   'postcss-modules-extract-imports': [ '3.1.0' ],
16 silly audit   'postcss-modules-local-by-default': [ '4.2.0' ],
16 silly audit   'postcss-selector-parser': [ '7.1.1', '6.1.2' ],
16 silly audit   'postcss-modules-scope': [ '3.2.1' ],
16 silly audit   'postcss-modules-values': [ '4.0.0' ],
16 silly audit   'postcss-normalize-charset': [ '5.1.0' ],
16 silly audit   'postcss-normalize-display-values': [ '5.1.0' ],
16 silly audit   'postcss-normalize-positions': [ '5.1.1' ],
16 silly audit   'postcss-normalize-repeat-style': [ '5.1.1' ],
16 silly audit   'postcss-normalize-string': [ '5.1.0' ],
16 silly audit   'postcss-normalize-timing-functions': [ '5.1.0' ],
16 silly audit   'postcss-normalize-unicode': [ '5.1.1' ],
16 silly audit   'postcss-normalize-url': [ '5.1.0' ],
16 silly audit   'postcss-normalize-whitespace': [ '5.1.1' ],
16 silly audit   'postcss-ordered-values': [ '5.1.3' ],
16 silly audit   'postcss-reduce-initial': [ '5.1.2' ],
16 silly audit   'postcss-reduce-transforms': [ '5.1.0' ],
16 silly audit   'postcss-svgo': [ '5.1.0' ],
16 silly audit   'postcss-unique-selectors': [ '5.1.1' ],
16 silly audit   'postcss-value-parser': [ '4.2.0' ],
16 silly audit   'prelude-ls': [ '1.2.1' ],
16 silly audit   prettier: [ '2.8.8' ],
16 silly audit   'pretty-error': [ '4.0.0' ],
16 silly audit   'process-nextick-args': [ '2.0.1' ],
16 silly audit   progress: [ '2.0.3' ],
16 silly audit   'progress-webpack-plugin': [ '1.0.16' ],
16 silly audit   'proxy-addr': [ '2.0.7' ],
16 silly audit   'proxy-from-env': [ '1.1.0' ],
16 silly audit   pseudomap: [ '1.0.2' ],
16 silly audit   pump: [ '3.0.3' ],
16 silly audit   punycode: [ '2.3.1' ],
16 silly audit   qs: [ '6.14.1' ],
16 silly audit   'queue-microtask': [ '1.2.3' ],
16 silly audit   randombytes: [ '2.1.0' ],
16 silly audit   'range-parser': [ '1.2.1' ],
16 silly audit   'raw-body': [ '2.5.3' ],
16 silly audit   'read-pkg': [ '5.2.0' ],
16 silly audit   'read-pkg-up': [ '7.0.1' ],
16 silly audit   readdirp: [ '3.6.0' ],
16 silly audit   regenerate: [ '1.4.2' ],
16 silly audit   'regenerate-unicode-properties': [ '10.2.2' ],
16 silly audit   'regenerator-runtime': [ '0.11.1' ],
16 silly audit   regexpp: [ '3.2.0' ],
16 silly audit   'regexpu-core': [ '6.4.0' ],
16 silly audit   regjsgen: [ '0.8.0' ],
16 silly audit   regjsparser: [ '0.13.0' ],
16 silly audit   relateurl: [ '0.2.7' ],
16 silly audit   renderkid: [ '3.0.0' ],
16 silly audit   'require-directory': [ '2.1.1' ],
16 silly audit   'require-from-string': [ '2.0.2' ],
16 silly audit   'requires-port': [ '1.0.0' ],
16 silly audit   'resize-observer-polyfill': [ '1.5.1' ],
16 silly audit   resolve: [ '1.22.11' ],
16 silly audit   'resolve-from': [ '4.0.0' ],
16 silly audit   retry: [ '0.13.1' ],
16 silly audit   reusify: [ '1.1.0' ],
16 silly audit   rimraf: [ '3.0.2' ],
16 silly audit   'run-parallel': [ '1.2.0' ],
16 silly audit   'safer-buffer': [ '2.1.2' ],
16 silly audit   'select-hose': [ '2.0.0' ],
16 silly audit   selfsigned: [ '2.4.1' ],
16 silly audit   send: [ '0.19.2' ],
16 silly audit   'serialize-javascript': [ '6.0.2' ],
16 silly audit   'serve-index': [ '1.9.1' ],
16 silly audit   setprototypeof: [ '1.1.0', '1.2.0' ],
16 silly audit   statuses: [ '1.5.0', '2.0.2' ],
16 silly audit   'serve-static': [ '1.16.3' ],
16 silly audit   'set-function-length': [ '1.2.2' ],
16 silly audit   'shallow-clone': [ '3.0.1' ],
16 silly audit   'shell-quote': [ '1.8.3' ],
16 silly audit   'side-channel': [ '1.1.0' ],
16 silly audit   'side-channel-list': [ '1.0.0' ],
16 silly audit   'side-channel-map': [ '1.0.1' ],
16 silly audit   'side-channel-weakmap': [ '1.0.2' ],
16 silly audit   'signal-exit': [ '3.0.7' ],
16 silly audit   sirv: [ '2.0.4' ],
16 silly audit   slash: [ '3.0.0' ],
16 silly audit   'slice-ansi': [ '4.0.0' ],
16 silly audit   sockjs: [ '0.3.24' ],
16 silly audit   'source-map': [ '0.6.1' ],
16 silly audit   'source-map-js': [ '1.2.1' ],
16 silly audit   'source-map-support': [ '0.5.21' ],
16 silly audit   'spdx-correct': [ '3.2.0' ],
16 silly audit   'spdx-exceptions': [ '2.5.0' ],
16 silly audit   'spdx-expression-parse': [ '3.0.1' ],
16 silly audit   'spdx-license-ids': [ '3.0.22' ],
16 silly audit   spdy: [ '4.0.2' ],
16 silly audit   'spdy-transport': [ '3.0.0' ],
16 silly audit   'sprintf-js': [ '1.0.3' ],
16 silly audit   ssri: [ '8.0.1' ],
16 silly audit   stable: [ '0.1.8' ],
16 silly audit   stackframe: [ '1.3.4' ],
16 silly audit   'strip-eof': [ '1.0.0' ],
16 silly audit   'strip-final-newline': [ '2.0.0' ],
16 silly audit   'strip-indent': [ '2.0.0' ],
16 silly audit   'strip-json-comments': [ '3.1.1' ],
16 silly audit   stylehacks: [ '5.1.1' ],
16 silly audit   'supports-preserve-symlinks-flag': [ '1.0.0' ],
16 silly audit   'svg-tags': [ '1.0.0' ],
16 silly audit   svgo: [ '2.8.0' ],
16 silly audit   table: [ '6.9.0' ],
16 silly audit   tapable: [ '2.3.0' ],
16 silly audit   terser: [ '5.44.1' ],
16 silly audit   'terser-webpack-plugin': [ '5.3.16' ],
16 silly audit   'text-table': [ '0.2.0' ],
16 silly audit   thenify: [ '3.3.1' ],
16 silly audit   'thenify-all': [ '1.6.0' ],
16 silly audit   'thread-loader': [ '3.0.4' ],
16 silly audit   'throttle-debounce': [ '1.1.0' ],
16 silly audit   thunky: [ '1.1.0' ],
16 silly audit   'to-regex-range': [ '5.0.1' ],
16 silly audit   toidentifier: [ '1.0.1' ],
16 silly audit   totalist: [ '3.0.1' ],
16 silly audit   tr46: [ '0.0.3' ],
16 silly audit   'type-check': [ '0.4.0' ],
16 silly audit   'type-is': [ '1.6.18' ],
16 silly audit   'undici-types': [ '7.16.0' ],
16 silly audit   'unicode-canonical-property-names-ecmascript': [ '2.0.1' ],
16 silly audit   'unicode-match-property-ecmascript': [ '2.0.0' ],
16 silly audit   'unicode-match-property-value-ecmascript': [ '2.2.1' ],
16 silly audit   'unicode-property-aliases-ecmascript': [ '2.2.0' ],
16 silly audit   universalify: [ '2.0.1' ],
16 silly audit   unpipe: [ '1.0.0' ],
16 silly audit   'update-browserslist-db': [ '1.2.3' ],
16 silly audit   'uri-js': [ '4.4.1' ],
16 silly audit   'util-deprecate': [ '1.0.2' ],
16 silly audit   utila: [ '0.4.0' ],
16 silly audit   'utils-merge': [ '1.0.1' ],
16 silly audit   uuid: [ '8.3.2' ],
16 silly audit   'v8-compile-cache': [ '2.4.0' ],
16 silly audit   'validate-npm-package-license': [ '3.0.4' ],
16 silly audit   vary: [ '1.1.2' ],
16 silly audit   vue: [ '2.7.16' ],
16 silly audit   'vue-count-to': [ '1.0.13' ],
16 silly audit   'vue-eslint-parser': [ '8.3.0' ],
16 silly audit   'vue-hot-reload-api': [ '2.3.4' ],
16 silly audit   'vue-router': [ '3.6.5' ],
16 silly audit   'vue-style-loader': [ '4.1.3' ],
16 silly audit   'vue-template-compiler': [ '2.7.16' ],
16 silly audit   'vue-template-es2015-compiler': [ '1.9.1' ],
16 silly audit   vuex: [ '3.6.2' ],
16 silly audit   watchpack: [ '2.5.0' ],
16 silly audit   wbuf: [ '1.7.3' ],
16 silly audit   wcwidth: [ '1.0.1' ],
16 silly audit   'webidl-conversions': [ '3.0.1' ],
16 silly audit   webpack: [ '5.104.1' ],
16 silly audit   'webpack-bundle-analyzer': [ '4.10.2' ],
16 silly audit   'webpack-chain': [ '6.5.1' ],
16 silly audit   'webpack-dev-middleware': [ '5.3.4' ],
16 silly audit   'webpack-dev-server': [ '4.15.2' ],
16 silly audit   ws: [ '8.19.0', '7.5.10' ],
16 silly audit   'webpack-merge': [ '5.10.0' ],
16 silly audit   'webpack-sources': [ '3.3.3' ],
16 silly audit   'webpack-virtual-modules': [ '0.4.6' ],
16 silly audit   'websocket-driver': [ '0.7.4' ],
16 silly audit   'websocket-extensions': [ '0.1.4' ],
16 silly audit   'whatwg-fetch': [ '3.6.20' ],
16 silly audit   'whatwg-url': [ '5.0.0' ],
16 silly audit   wildcard: [ '2.0.1' ],
16 silly audit   'word-wrap': [ '1.2.5' ],
16 silly audit   wrappy: [ '1.0.2' ],
16 silly audit   y18n: [ '5.0.8' ],
16 silly audit   yaml: [ '1.10.2' ],
16 silly audit   yargs: [ '16.2.0' ],
16 silly audit   'yargs-parser': [ '20.2.9' ],
16 silly audit   yorkie: [ '2.0.0' ],
16 silly audit   zrender: [ '6.0.0' ]
16 silly audit }
17 verbose reify failed optional dependency D:\Users\xjz20\Documents\GitHub\video-analysis-and-recommendation-system\frontend-web\node_modules\fsevents
18 silly reify mark deleted [
18 silly reify   'D:\\Users\\xjz20\\Documents\\GitHub\\video-analysis-and-recommendation-system\\frontend-web\\node_modules\\fsevents'
18 silly reify ]
19 http fetch POST 404 https://registry.npmmirror.com/-/npm/v1/security/advisories/bulk 378ms
20 silly audit bulk request failed [object Object]
21 silly tarball no local data for echarts@https://registry.npmmirror.com/echarts/-/echarts-6.0.0.tgz. Extracting by manifest.
22 http fetch POST 404 https://registry.npmmirror.com/-/npm/v1/security/audits/quick 133ms
23 verbose audit error HttpErrorGeneral: 404 Not Found - POST https://registry.npmmirror.com/-/npm/v1/security/audits/quick - [NOT_IMPLEMENTED] /-/npm/v1/security/* not implemented yet
23 verbose audit error     at D:\Program Files\nodejs\node_modules\npm\node_modules\npm-registry-fetch\lib\check-response.js:95:15
23 verbose audit error     at process.processTicksAndRejections (node:internal/process/task_queues:95:5)
23 verbose audit error     at async [getReport] (D:\Program Files\nodejs\node_modules\npm\node_modules\@npmcli\arborist\lib\audit-report.js:336:21)
23 verbose audit error     at async AuditReport.run (D:\Program Files\nodejs\node_modules\npm\node_modules\@npmcli\arborist\lib\audit-report.js:106:19) {
23 verbose audit error   headers: [Object: null prototype] {
23 verbose audit error     server: [ 'Tengine' ],
23 verbose audit error     date: [ 'Tue, 13 Jan 2026 08:13:23 GMT' ],
23 verbose audit error     'content-type': [ 'application/json' ],
23 verbose audit error     'transfer-encoding': [ 'chunked' ],
23 verbose audit error     connection: [ 'keep-alive' ],
23 verbose audit error     'strict-transport-security': [ 'max-age=5184000' ],
23 verbose audit error     via: [ 'kunlun4.cn1547[,404666]' ],
23 verbose audit error     'timing-allow-origin': [ '*' ],
23 verbose audit error     eagleid: [ '7754489817682920036547438e' ],
23 verbose audit error     'x-fetch-attempts': [ '1' ]
23 verbose audit error   },
23 verbose audit error   statusCode: 404,
23 verbose audit error   code: 'E404',
23 verbose audit error   method: 'POST',
23 verbose audit error   uri: 'https://registry.npmmirror.com/-/npm/v1/security/audits/quick',
23 verbose audit error   body: {
23 verbose audit error     error: '[NOT_IMPLEMENTED] /-/npm/v1/security/* not implemented yet'
23 verbose audit error   },
23 verbose audit error   pkgid: undefined
23 verbose audit error }
24 silly audit error [object Object]
25 silly audit report null
26 warn deprecated inflight@1.0.6: This module is not supported, and leaks memory. Do not use it. Check out lru-cache if you want a good and tested way to coalesce async requests by a key value, which is much more comprehensive and powerful.
27 warn deprecated @babel/plugin-proposal-class-properties@7.18.6: This proposal has been merged to the ECMAScript standard and thus this plugin is no longer maintained. Please use @babel/plugin-transform-class-properties instead.
28 warn deprecated @humanwhocodes/config-array@0.5.0: Use @eslint/config-array instead
29 warn deprecated stable@0.1.8: Modern JS already guarantees Array#sort() is a stable sort, so this library is deprecated. See the compatibility table on MDN: https://developer.mozilla.org/en-US/docs/Web/JavaScript/Reference/Global_Objects/Array/sort#browser_compatibility
30 warn deprecated consolidate@0.15.1: Please upgrade to consolidate v1.0.0+ as it has been modernized with several long-awaited fixes implemented. Maintenance is supported by Forward Email at https://forwardemail.net ; follow/watch https://github.com/ladjs/consolidate for updates and release changelog
31 warn deprecated rimraf@3.0.2: Rimraf versions prior to v4 are no longer supported
32 warn deprecated glob@7.2.3: Glob versions prior to v9 are no longer supported
33 warn deprecated @humanwhocodes/object-schema@1.2.1: Use @eslint/object-schema instead
34 warn deprecated webpack-chain@6.5.1: Package no longer supported. Contact Support at https://www.npmjs.com/support for more info.
35 warn deprecated vue@2.7.16: Vue 2 has reached EOL and is no longer actively maintained. See https://v2.vuejs.org/eol/ for more details.
36 warn deprecated eslint@7.32.0: This version is no longer supported. Please see https://eslint.org/version-support for other options.
37 warn deprecated core-js@2.6.12: core-js@<3.23.3 is no longer maintained and not recommended for usage due to the number of issues. Because of the V8 engine whims, feature detection in old core-js versions could cause a slowdown up to 100x even if nothing is polyfilled. Some versions have web compatibility issues. Please, upgrade your dependencies to the actual version of core-js.
38 http fetch GET 200 https://cdn.npmmirror.com/packages/echarts/6.0.0/echarts-6.0.0.tgz 10251ms (cache miss)
39 info run yorkie@2.0.0 install node_modules/yorkie node bin/install.js
40 info run yorkie@2.0.0 install { code: 0, signal: null }
41 info run core-js@3.47.0 postinstall node_modules/core-js node -e "try{require('./postinstall')}catch(e){}"
42 info run core-js@2.6.12 postinstall node_modules/babel-runtime/node_modules/core-js node -e "try{require('./postinstall')}catch(e){}"
43 info run core-js@3.47.0 postinstall { code: 0, signal: null }
44 info run core-js@2.6.12 postinstall { code: 0, signal: null }
45 silly ADD node_modules/zrender
46 silly ADD node_modules/zrender/node_modules/tslib
47 silly ADD node_modules/yorkie
48 silly ADD node_modules/yorkie/node_modules/yallist
49 silly ADD node_modules/yorkie/node_modules/normalize-path
50 silly ADD node_modules/yorkie/node_modules/lru-cache
51 silly ADD node_modules/yorkie/node_modules/get-stream
52 silly ADD node_modules/yorkie/node_modules/execa
53 silly ADD node_modules/yorkie/node_modules/cross-spawn
54 silly ADD node_modules/yargs-parser
55 silly ADD node_modules/yargs
56 silly ADD node_modules/yaml
57 silly ADD node_modules/yallist
58 silly ADD node_modules/y18n
59 silly ADD node_modules/ws
60 silly ADD node_modules/wrappy
61 silly ADD node_modules/wrap-ansi
62 silly ADD node_modules/word-wrap
63 silly ADD node_modules/wildcard
64 silly ADD node_modules/which
65 silly ADD node_modules/whatwg-url
66 silly ADD node_modules/whatwg-fetch
67 silly ADD node_modules/websocket-extensions
68 silly ADD node_modules/websocket-driver
69 silly ADD node_modules/webpack-virtual-modules
70 silly ADD node_modules/webpack-sources
71 silly ADD node_modules/webpack-merge
72 silly ADD node_modules/webpack-dev-server
73 silly ADD node_modules/webpack-dev-server/node_modules/ws
74 silly ADD node_modules/webpack-dev-server/node_modules/schema-utils
75 silly ADD node_modules/webpack-dev-server/node_modules/json-schema-traverse
76 silly ADD node_modules/webpack-dev-server/node_modules/ajv-keywords
77 silly ADD node_modules/webpack-dev-server/node_modules/ajv
78 silly ADD node_modules/webpack-dev-middleware
79 silly ADD node_modules/webpack-dev-middleware/node_modules/schema-utils
80 silly ADD node_modules/webpack-dev-middleware/node_modules/json-schema-traverse
81 silly ADD node_modules/webpack-dev-middleware/node_modules/ajv-keywords
82 silly ADD node_modules/webpack-dev-middleware/node_modules/ajv
83 silly ADD node_modules/webpack-chain
84 silly ADD node_modules/webpack-bundle-analyzer
85 silly ADD node_modules/webpack-bundle-analyzer/node_modules/escape-string-regexp
86 silly ADD node_modules/webpack-bundle-analyzer/node_modules/commander
87 silly ADD node_modules/webpack
88 silly ADD node_modules/webpack/node_modules/schema-utils
89 silly ADD node_modules/webpack/node_modules/json-schema-traverse
90 silly ADD node_modules/webpack/node_modules/ajv-keywords
91 silly ADD node_modules/webpack/node_modules/ajv
92 silly ADD node_modules/webidl-conversions
93 silly ADD node_modules/wcwidth
94 silly ADD node_modules/wbuf
95 silly ADD node_modules/watchpack
96 silly ADD node_modules/vuex
97 silly ADD node_modules/vue-template-es2015-compiler
98 silly ADD node_modules/vue-template-compiler
99 silly ADD node_modules/vue-style-loader
100 silly ADD node_modules/vue-style-loader/node_modules/hash-sum
101 silly ADD node_modules/vue-router
102 silly ADD node_modules/vue-loader
103 silly ADD node_modules/vue-loader/node_modules/chalk
104 silly ADD node_modules/vue-hot-reload-api
105 silly ADD node_modules/vue-eslint-parser
106 silly ADD node_modules/vue-eslint-parser/node_modules/semver
107 silly ADD node_modules/vue-eslint-parser/node_modules/estraverse
108 silly ADD node_modules/vue-eslint-parser/node_modules/espree
109 silly ADD node_modules/vue-eslint-parser/node_modules/eslint-visitor-keys
110 silly ADD node_modules/vue-eslint-parser/node_modules/eslint-scope
111 silly ADD node_modules/vue-count-to
112 silly ADD node_modules/vue
113 silly ADD node_modules/vue/node_modules/@vue/compiler-sfc
114 silly ADD node_modules/vary
115 silly ADD node_modules/validate-npm-package-license
116 silly ADD node_modules/v8-compile-cache
117 silly ADD node_modules/uuid
118 silly ADD node_modules/utils-merge
119 silly ADD node_modules/utila
120 silly ADD node_modules/util-deprecate
121 silly ADD node_modules/uri-js
122 silly ADD node_modules/update-browserslist-db
123 silly ADD node_modules/unpipe
124 silly ADD node_modules/universalify
125 silly ADD node_modules/unicode-property-aliases-ecmascript
126 silly ADD node_modules/unicode-match-property-value-ecmascript
127 silly ADD node_modules/unicode-match-property-ecmascript
128 silly ADD node_modules/unicode-canonical-property-names-ecmascript
129 silly ADD node_modules/undici-types
130 silly ADD node_modules/type-is
131 silly ADD node_modules/type-fest
132 silly ADD node_modules/type-check
133 silly ADD node_modules/tslib
134 silly ADD node_modules/tr46
135 silly ADD node_modules/totalist
136 silly ADD node_modules/toidentifier
137 silly ADD node_modules/to-regex-range
138 silly ADD node_modules/thunky
139 silly ADD node_modules/throttle-debounce
140 silly ADD node_modules/thread-loader
141 silly ADD node_modules/thread-loader/node_modules/schema-utils
142 silly ADD node_modules/thread-loader/node_modules/loader-utils
143 silly ADD node_modules/thenify-all
144 silly ADD node_modules/thenify
145 silly ADD node_modules/text-table
146 silly ADD node_modules/terser-webpack-plugin
147 silly ADD node_modules/terser-webpack-plugin/node_modules/schema-utils
148 silly ADD node_modules/terser-webpack-plugin/node_modules/json-schema-traverse
149 silly ADD node_modules/terser-webpack-plugin/node_modules/ajv-keywords
150 silly ADD node_modules/terser-webpack-plugin/node_modules/ajv
151 silly ADD node_modules/terser
152 silly ADD node_modules/terser/node_modules/commander
153 silly ADD node_modules/tapable
154 silly ADD node_modules/table
155 silly ADD node_modules/table/node_modules/json-schema-traverse
156 silly ADD node_modules/table/node_modules/ajv
157 silly ADD node_modules/svgo
158 silly ADD node_modules/svgo/node_modules/commander
159 silly ADD node_modules/svg-tags
160 silly ADD node_modules/supports-preserve-symlinks-flag
161 silly ADD node_modules/supports-color
162 silly ADD node_modules/stylehacks
163 silly ADD node_modules/strip-json-comments
164 silly ADD node_modules/strip-indent
165 silly ADD node_modules/strip-final-newline
166 silly ADD node_modules/strip-eof
167 silly ADD node_modules/strip-ansi
168 silly ADD node_modules/string-width
169 silly ADD node_modules/string_decoder
170 silly ADD node_modules/statuses
171 silly ADD node_modules/stackframe
172 silly ADD node_modules/stable
173 silly ADD node_modules/ssri
174 silly ADD node_modules/sprintf-js
175 silly ADD node_modules/spdy-transport
176 silly ADD node_modules/spdy
177 silly ADD node_modules/spdx-license-ids
178 silly ADD node_modules/spdx-expression-parse
179 silly ADD node_modules/spdx-exceptions
180 silly ADD node_modules/spdx-correct
181 silly ADD node_modules/source-map-support
182 silly ADD node_modules/source-map-js
183 silly ADD node_modules/source-map
184 silly ADD node_modules/sockjs
185 silly ADD node_modules/slice-ansi
186 silly ADD node_modules/slash
187 silly ADD node_modules/sirv
188 silly ADD node_modules/signal-exit
189 silly ADD node_modules/side-channel-weakmap
190 silly ADD node_modules/side-channel-map
191 silly ADD node_modules/side-channel-list
192 silly ADD node_modules/side-channel
193 silly ADD node_modules/shell-quote
194 silly ADD node_modules/shebang-regex
195 silly ADD node_modules/shebang-command
196 silly ADD node_modules/shallow-clone
197 silly ADD node_modules/setprototypeof
198 silly ADD node_modules/set-function-length
199 silly ADD node_modules/serve-static
200 silly ADD node_modules/serve-index
201 silly ADD node_modules/serve-index/node_modules/statuses
202 silly ADD node_modules/serve-index/node_modules/setprototypeof
203 silly ADD node_modules/serve-index/node_modules/ms
204 silly ADD node_modules/serve-index/node_modules/inherits
205 silly ADD node_modules/serve-index/node_modules/http-errors
206 silly ADD node_modules/serve-index/node_modules/depd
207 silly ADD node_modules/serve-index/node_modules/debug
208 silly ADD node_modules/serialize-javascript
209 silly ADD node_modules/send
210 silly ADD node_modules/send/node_modules/debug
211 silly ADD node_modules/send/node_modules/debug/node_modules/ms
212 silly ADD node_modules/semver
213 silly ADD node_modules/selfsigned
214 silly ADD node_modules/select-hose
215 silly ADD node_modules/schema-utils
216 silly ADD node_modules/safer-buffer
217 silly ADD node_modules/safe-buffer
218 silly ADD node_modules/run-parallel
219 silly ADD node_modules/rimraf
220 silly ADD node_modules/reusify
221 silly ADD node_modules/retry
222 silly ADD node_modules/restore-cursor
223 silly ADD node_modules/resolve-from
224 silly ADD node_modules/resolve
225 silly ADD node_modules/resize-observer-polyfill
226 silly ADD node_modules/requires-port
227 silly ADD node_modules/require-from-string
228 silly ADD node_modules/require-directory
229 silly ADD node_modules/renderkid
230 silly ADD node_modules/relateurl
231 silly ADD node_modules/regjsparser
232 silly ADD node_modules/regjsgen
233 silly ADD node_modules/regexpu-core
234 silly ADD node_modules/regexpp
235 silly ADD node_modules/regenerator-runtime
236 silly ADD node_modules/regenerate-unicode-properties
237 silly ADD node_modules/regenerate
238 silly ADD node_modules/readdirp
239 silly ADD node_modules/readable-stream
240 silly ADD node_modules/read-pkg-up
241 silly ADD node_modules/read-pkg-up/node_modules/type-fest
242 silly ADD node_modules/read-pkg
243 silly ADD node_modules/raw-body
244 silly ADD node_modules/range-parser
245 silly ADD node_modules/randombytes
246 silly ADD node_modules/queue-microtask
247 silly ADD node_modules/qs
248 silly ADD node_modules/punycode
249 silly ADD node_modules/pump
250 silly ADD node_modules/pseudomap
251 silly ADD node_modules/proxy-from-env
252 silly ADD node_modules/proxy-addr
253 silly ADD node_modules/proxy-addr/node_modules/ipaddr.js
254 silly ADD node_modules/progress-webpack-plugin
255 silly ADD node_modules/progress-webpack-plugin/node_modules/supports-color
256 silly ADD node_modules/progress-webpack-plugin/node_modules/has-flag
257 silly ADD node_modules/progress-webpack-plugin/node_modules/color-name
258 silly ADD node_modules/progress-webpack-plugin/node_modules/color-convert
259 silly ADD node_modules/progress-webpack-plugin/node_modules/chalk
260 silly ADD node_modules/progress-webpack-plugin/node_modules/ansi-styles
261 silly ADD node_modules/progress
262 silly ADD node_modules/process-nextick-args
263 silly ADD node_modules/pretty-error
264 silly ADD node_modules/prettier
265 silly ADD node_modules/prelude-ls
266 silly ADD node_modules/postcss-value-parser
267 silly ADD node_modules/postcss-unique-selectors
268 silly ADD node_modules/postcss-svgo
269 silly ADD node_modules/postcss-selector-parser
270 silly ADD node_modules/postcss-reduce-transforms
271 silly ADD node_modules/postcss-reduce-initial
272 silly ADD node_modules/postcss-ordered-values
273 silly ADD node_modules/postcss-normalize-whitespace
274 silly ADD node_modules/postcss-normalize-url
275 silly ADD node_modules/postcss-normalize-unicode
276 silly ADD node_modules/postcss-normalize-timing-functions
277 silly ADD node_modules/postcss-normalize-string
278 silly ADD node_modules/postcss-normalize-repeat-style
279 silly ADD node_modules/postcss-normalize-positions
280 silly ADD node_modules/postcss-normalize-display-values
281 silly ADD node_modules/postcss-normalize-charset
282 silly ADD node_modules/postcss-modules-values
283 silly ADD node_modules/postcss-modules-scope
284 silly ADD node_modules/postcss-modules-scope/node_modules/postcss-selector-parser
285 silly ADD node_modules/postcss-modules-local-by-default
286 silly ADD node_modules/postcss-modules-local-by-default/node_modules/postcss-selector-parser
287 silly ADD node_modules/postcss-modules-extract-imports
288 silly ADD node_modules/postcss-minify-selectors
289 silly ADD node_modules/postcss-minify-params
290 silly ADD node_modules/postcss-minify-gradients
291 silly ADD node_modules/postcss-minify-font-values
292 silly ADD node_modules/postcss-merge-rules
293 silly ADD node_modules/postcss-merge-longhand
294 silly ADD node_modules/postcss-loader
295 silly ADD node_modules/postcss-loader/node_modules/semver
296 silly ADD node_modules/postcss-discard-overridden
297 silly ADD node_modules/postcss-discard-empty
298 silly ADD node_modules/postcss-discard-duplicates
299 silly ADD node_modules/postcss-discard-comments
300 silly ADD node_modules/postcss-convert-values
301 silly ADD node_modules/postcss-colormin
302 silly ADD node_modules/postcss-calc
303 silly ADD node_modules/postcss
304 silly ADD node_modules/portfinder
305 silly ADD node_modules/pkg-dir
306 silly ADD node_modules/picomatch
307 silly ADD node_modules/picocolors
308 silly ADD node_modules/path-type
309 silly ADD node_modules/path-to-regexp
310 silly ADD node_modules/path-parse
311 silly ADD node_modules/path-key
312 silly ADD node_modules/path-is-absolute
313 silly ADD node_modules/path-exists
314 silly ADD node_modules/pascal-case
315 silly ADD node_modules/parseurl
316 silly ADD node_modules/parse5-htmlparser2-tree-adapter
317 silly ADD node_modules/parse5-htmlparser2-tree-adapter/node_modules/parse5
318 silly ADD node_modules/parse5
319 silly ADD node_modules/parse-json
320 silly ADD node_modules/parent-module
321 silly ADD node_modules/param-case
322 silly ADD node_modules/p-try
323 silly ADD node_modules/p-retry
324 silly ADD node_modules/p-locate
325 silly ADD node_modules/p-limit
326 silly ADD node_modules/p-finally
327 silly ADD node_modules/ora
328 silly ADD node_modules/ora/node_modules/chalk
329 silly ADD node_modules/optionator
330 silly ADD node_modules/opener
331 silly ADD node_modules/open
332 silly ADD node_modules/onetime
333 silly ADD node_modules/once
334 silly ADD node_modules/on-headers
335 silly ADD node_modules/on-finished
336 silly ADD node_modules/obuf
337 silly ADD node_modules/object.assign
338 silly ADD node_modules/object-keys
339 silly ADD node_modules/object-inspect
340 silly ADD node_modules/object-assign
341 silly ADD node_modules/nth-check
342 silly ADD node_modules/npm-run-path
343 silly ADD node_modules/normalize-wheel
344 silly ADD node_modules/normalize-url
345 silly ADD node_modules/normalize-path
346 silly ADD node_modules/normalize-package-data
347 silly ADD node_modules/normalize-package-data/node_modules/semver
348 silly ADD node_modules/node-releases
349 silly ADD node_modules/node-forge
350 silly ADD node_modules/node-fetch
351 silly ADD node_modules/no-case
352 silly ADD node_modules/nice-try
353 silly ADD node_modules/neo-async
354 silly ADD node_modules/negotiator
355 silly ADD node_modules/natural-compare
356 silly ADD node_modules/nanoid
357 silly ADD node_modules/mz
358 silly ADD node_modules/multicast-dns
359 silly ADD node_modules/ms
360 silly ADD node_modules/mrmime
361 silly ADD node_modules/module-alias
362 silly ADD node_modules/minipass
363 silly ADD node_modules/minipass/node_modules/yallist
364 silly ADD node_modules/minimist
365 silly ADD node_modules/minimatch
366 silly ADD node_modules/minimalistic-assert
367 silly ADD node_modules/mini-css-extract-plugin
368 silly ADD node_modules/mini-css-extract-plugin/node_modules/schema-utils
369 silly ADD node_modules/mini-css-extract-plugin/node_modules/json-schema-traverse
370 silly ADD node_modules/mini-css-extract-plugin/node_modules/ajv-keywords
371 silly ADD node_modules/mini-css-extract-plugin/node_modules/ajv
372 silly ADD node_modules/mimic-fn
373 silly ADD node_modules/mime-types
374 silly ADD node_modules/mime-db
375 silly ADD node_modules/mime
376 silly ADD node_modules/micromatch
377 silly ADD node_modules/methods
378 silly ADD node_modules/merge2
379 silly ADD node_modules/merge-stream
380 silly ADD node_modules/merge-source-map
381 silly ADD node_modules/merge-descriptors
382 silly ADD node_modules/memfs
383 silly ADD node_modules/media-typer
384 silly ADD node_modules/mdn-data
385 silly ADD node_modules/math-intrinsics
386 silly ADD node_modules/make-dir
387 silly ADD node_modules/magic-string
388 silly ADD node_modules/lru-cache
389 silly ADD node_modules/lower-case
390 silly ADD node_modules/log-update
391 silly ADD node_modules/log-update/node_modules/wrap-ansi
392 silly ADD node_modules/log-update/node_modules/strip-ansi
393 silly ADD node_modules/log-update/node_modules/string-width
394 silly ADD node_modules/log-update/node_modules/restore-cursor
395 silly ADD node_modules/log-update/node_modules/onetime
396 silly ADD node_modules/log-update/node_modules/mimic-fn
397 silly ADD node_modules/log-update/node_modules/is-fullwidth-code-point
398 silly ADD node_modules/log-update/node_modules/cli-cursor
399 silly ADD node_modules/log-update/node_modules/ansi-regex
400 silly ADD node_modules/log-symbols
401 silly ADD node_modules/log-symbols/node_modules/chalk
402 silly ADD node_modules/lodash.uniq
403 silly ADD node_modules/lodash.truncate
404 silly ADD node_modules/lodash.merge
405 silly ADD node_modules/lodash.memoize
406 silly ADD node_modules/lodash.mapvalues
407 silly ADD node_modules/lodash.kebabcase
408 silly ADD node_modules/lodash.defaultsdeep
409 silly ADD node_modules/lodash.debounce
410 silly ADD node_modules/lodash
411 silly ADD node_modules/locate-path
412 silly ADD node_modules/loader-utils
413 silly ADD node_modules/loader-utils/node_modules/json5
414 silly ADD node_modules/loader-runner
415 silly ADD node_modules/lines-and-columns
416 silly ADD node_modules/lilconfig
417 silly ADD node_modules/levn
418 silly ADD node_modules/launch-editor-middleware
419 silly ADD node_modules/launch-editor
420 silly ADD node_modules/klona
421 silly ADD node_modules/kind-of
422 silly ADD node_modules/keyv
423 silly ADD node_modules/jsonfile
424 silly ADD node_modules/json5
425 silly ADD node_modules/json-stable-stringify-without-jsonify
426 silly ADD node_modules/json-schema-traverse
427 silly ADD node_modules/json-parse-even-better-errors
428 silly ADD node_modules/json-parse-better-errors
429 silly ADD node_modules/json-buffer
430 silly ADD node_modules/jsesc
431 silly ADD node_modules/js-yaml
432 silly ADD node_modules/js-tokens
433 silly ADD node_modules/js-message
434 silly ADD node_modules/joi
435 silly ADD node_modules/jest-worker
436 silly ADD node_modules/jest-worker/node_modules/supports-color
437 silly ADD node_modules/javascript-stringify
438 silly ADD node_modules/isobject
439 silly ADD node_modules/isexe
440 silly ADD node_modules/isarray
441 silly ADD node_modules/is-wsl
442 silly ADD node_modules/is-unicode-supported
443 silly ADD node_modules/is-stream
444 silly ADD node_modules/is-plain-object
445 silly ADD node_modules/is-plain-obj
446 silly ADD node_modules/is-number
447 silly ADD node_modules/is-interactive
448 silly ADD node_modules/is-glob
449 silly ADD node_modules/is-fullwidth-code-point
450 silly ADD node_modules/is-file-esm
451 silly ADD node_modules/is-extglob
452 silly ADD node_modules/is-docker
453 silly ADD node_modules/is-core-module
454 silly ADD node_modules/is-ci
455 silly ADD node_modules/is-binary-path
456 silly ADD node_modules/is-arrayish
457 silly ADD node_modules/ipaddr.js
458 silly ADD node_modules/inherits
459 silly ADD node_modules/inflight
460 silly ADD node_modules/imurmurhash
461 silly ADD node_modules/import-fresh
462 silly ADD node_modules/ignore
463 silly ADD node_modules/ieee754
464 silly ADD node_modules/icss-utils
465 silly ADD node_modules/iconv-lite
466 silly ADD node_modules/human-signals
467 silly ADD node_modules/http-proxy-middleware
468 silly ADD node_modules/http-proxy
469 silly ADD node_modules/http-parser-js
470 silly ADD node_modules/http-errors
471 silly ADD node_modules/http-deceiver
472 silly ADD node_modules/htmlparser2
473 silly ADD node_modules/htmlparser2/node_modules/entities
474 silly ADD node_modules/html-webpack-plugin
475 silly ADD node_modules/html-tags
476 silly ADD node_modules/html-minifier-terser
477 silly ADD node_modules/html-escaper
478 silly ADD node_modules/html-entities
479 silly ADD node_modules/hpack.js
480 silly ADD node_modules/hpack.js/node_modules/string_decoder
481 silly ADD node_modules/hpack.js/node_modules/safe-buffer
482 silly ADD node_modules/hpack.js/node_modules/readable-stream
483 silly ADD node_modules/hosted-git-info
484 silly ADD node_modules/highlight.js
485 silly ADD node_modules/he
486 silly ADD node_modules/hasown
487 silly ADD node_modules/hash-sum
488 silly ADD node_modules/has-tostringtag
489 silly ADD node_modules/has-symbols
490 silly ADD node_modules/has-property-descriptors
491 silly ADD node_modules/has-flag
492 silly ADD node_modules/handle-thing
493 silly ADD node_modules/gzip-size
494 silly ADD node_modules/graceful-fs
495 silly ADD node_modules/gopd
496 silly ADD node_modules/globby
497 silly ADD node_modules/globals
498 silly ADD node_modules/globals/node_modules/type-fest
499 silly ADD node_modules/glob-to-regexp
500 silly ADD node_modules/glob-parent
501 silly ADD node_modules/glob
502 silly ADD node_modules/get-stream
503 silly ADD node_modules/get-proto
504 silly ADD node_modules/get-intrinsic
505 silly ADD node_modules/get-caller-file
506 silly ADD node_modules/gensync
507 silly ADD node_modules/functional-red-black-tree
508 silly ADD node_modules/function-bind
509 silly ADD
510 silly ADD node_modules/fs.realpath
511 silly ADD node_modules/fs-monkey
512 silly ADD node_modules/fs-extra
513 silly ADD node_modules/fresh
514 silly ADD node_modules/fraction.js
515 silly ADD node_modules/forwarded
516 silly ADD node_modules/form-data
517 silly ADD node_modules/follow-redirects
518 silly ADD node_modules/flatted
519 silly ADD node_modules/flat-cache
520 silly ADD node_modules/flat
521 silly ADD node_modules/find-up
522 silly ADD node_modules/find-cache-dir
523 silly ADD node_modules/finalhandler
524 silly ADD node_modules/finalhandler/node_modules/ms
525 silly ADD node_modules/finalhandler/node_modules/debug
526 silly ADD node_modules/fill-range
527 silly ADD node_modules/file-entry-cache
528 silly ADD node_modules/figures
529 silly ADD node_modules/faye-websocket
530 silly ADD node_modules/fastq
531 silly ADD node_modules/fast-uri
532 silly ADD node_modules/fast-levenshtein
533 silly ADD node_modules/fast-json-stable-stringify
534 silly ADD node_modules/fast-glob
535 silly ADD node_modules/fast-glob/node_modules/glob-parent
536 silly ADD node_modules/fast-deep-equal
537 silly ADD node_modules/express
538 silly ADD node_modules/express/node_modules/ms
539 silly ADD node_modules/express/node_modules/debug
540 silly ADD node_modules/execa
541 silly ADD node_modules/events
542 silly ADD node_modules/eventemitter3
543 silly ADD node_modules/event-pubsub
544 silly ADD node_modules/etag
545 silly ADD node_modules/esutils
546 silly ADD node_modules/estree-walker
547 silly ADD node_modules/estraverse
548 silly ADD node_modules/esrecurse
549 silly ADD node_modules/esrecurse/node_modules/estraverse
550 silly ADD node_modules/esquery
551 silly ADD node_modules/esquery/node_modules/estraverse
552 silly ADD node_modules/esprima
553 silly ADD node_modules/espree
554 silly ADD node_modules/espree/node_modules/eslint-visitor-keys
555 silly ADD node_modules/espree/node_modules/acorn
556 silly ADD node_modules/eslint-webpack-plugin
557 silly ADD node_modules/eslint-webpack-plugin/node_modules/supports-color
558 silly ADD node_modules/eslint-webpack-plugin/node_modules/schema-utils
559 silly ADD node_modules/eslint-webpack-plugin/node_modules/json-schema-traverse
560 silly ADD node_modules/eslint-webpack-plugin/node_modules/jest-worker
561 silly ADD node_modules/eslint-webpack-plugin/node_modules/ajv-keywords
562 silly ADD node_modules/eslint-webpack-plugin/node_modules/ajv
563 silly ADD node_modules/eslint-visitor-keys
564 silly ADD node_modules/eslint-utils
565 silly ADD node_modules/eslint-utils/node_modules/eslint-visitor-keys
566 silly ADD node_modules/eslint-scope
567 silly ADD node_modules/eslint-plugin-vue
568 silly ADD node_modules/eslint-plugin-vue/node_modules/semver
569 silly ADD node_modules/eslint-plugin-vue/node_modules/eslint-utils
570 silly ADD node_modules/eslint
571 silly ADD node_modules/eslint/node_modules/which
572 silly ADD node_modules/eslint/node_modules/shebang-regex
573 silly ADD node_modules/eslint/node_modules/shebang-command
574 silly ADD node_modules/eslint/node_modules/semver
575 silly ADD node_modules/eslint/node_modules/path-key
576 silly ADD node_modules/eslint/node_modules/ignore
577 silly ADD node_modules/eslint/node_modules/glob-parent
578 silly ADD node_modules/eslint/node_modules/escape-string-regexp
579 silly ADD node_modules/eslint/node_modules/cross-spawn
580 silly ADD node_modules/eslint/node_modules/chalk
581 silly ADD node_modules/eslint/node_modules/@babel/code-frame
582 silly ADD node_modules/escape-string-regexp
583 silly ADD node_modules/escape-html
584 silly ADD node_modules/escalade
585 silly ADD node_modules/es-set-tostringtag
586 silly ADD node_modules/es-object-atoms
587 silly ADD node_modules/es-module-lexer
588 silly ADD node_modules/es-errors
589 silly ADD node_modules/es-define-property
590 silly ADD node_modules/error-stack-parser
591 silly ADD node_modules/error-ex
592 silly ADD node_modules/entities
593 silly ADD node_modules/enquirer
594 silly ADD node_modules/enhanced-resolve
595 silly ADD node_modules/end-of-stream
596 silly ADD node_modules/encodeurl
597 silly ADD node_modules/emojis-list
598 silly ADD node_modules/emoji-regex
599 silly ADD node_modules/element-ui
600 silly ADD node_modules/electron-to-chromium
601 silly ADD node_modules/ee-first
602 silly ADD node_modules/easy-stack
603 silly ADD node_modules/duplexer
604 silly ADD node_modules/dunder-proto
605 silly ADD node_modules/dotenv-expand
606 silly ADD node_modules/dotenv
607 silly ADD node_modules/dot-case
608 silly ADD node_modules/domutils
609 silly ADD node_modules/domhandler
610 silly ADD node_modules/domelementtype
611 silly ADD node_modules/dom-serializer
612 silly ADD node_modules/dom-serializer/node_modules/entities
613 silly ADD node_modules/dom-converter
614 silly ADD node_modules/doctrine
615 silly ADD node_modules/dns-packet
616 silly ADD node_modules/dir-glob
617 silly ADD node_modules/detect-node
618 silly ADD node_modules/destroy
619 silly ADD node_modules/depd
620 silly ADD node_modules/delayed-stream
621 silly ADD node_modules/define-properties
622 silly ADD node_modules/define-lazy-prop
623 silly ADD node_modules/define-data-property
624 silly ADD node_modules/defaults
625 silly ADD node_modules/default-gateway
626 silly ADD node_modules/default-gateway/node_modules/which
627 silly ADD node_modules/default-gateway/node_modules/shebang-regex
628 silly ADD node_modules/default-gateway/node_modules/shebang-command
629 silly ADD node_modules/default-gateway/node_modules/path-key
630 silly ADD node_modules/default-gateway/node_modules/npm-run-path
631 silly ADD node_modules/default-gateway/node_modules/is-stream
632 silly ADD node_modules/default-gateway/node_modules/get-stream
633 silly ADD node_modules/default-gateway/node_modules/execa
634 silly ADD node_modules/default-gateway/node_modules/cross-spawn
635 silly ADD node_modules/deepmerge
636 silly ADD node_modules/deep-is
637 silly ADD node_modules/debug
638 silly ADD node_modules/debounce
639 silly ADD node_modules/de-indent
640 silly ADD node_modules/csstype
641 silly ADD node_modules/csso
642 silly ADD node_modules/cssnano-utils
643 silly ADD node_modules/cssnano-preset-default
644 silly ADD node_modules/cssnano
645 silly ADD node_modules/cssesc
646 silly ADD node_modules/css-what
647 silly ADD node_modules/css-tree
648 silly ADD node_modules/css-select
649 silly ADD node_modules/css-minimizer-webpack-plugin
650 silly ADD node_modules/css-minimizer-webpack-plugin/node_modules/schema-utils
651 silly ADD node_modules/css-minimizer-webpack-plugin/node_modules/json-schema-traverse
652 silly ADD node_modules/css-minimizer-webpack-plugin/node_modules/ajv-keywords
653 silly ADD node_modules/css-minimizer-webpack-plugin/node_modules/ajv
654 silly ADD node_modules/css-loader
655 silly ADD node_modules/css-loader/node_modules/semver
656 silly ADD node_modules/css-declaration-sorter
657 silly ADD node_modules/cross-spawn
658 silly ADD node_modules/cross-spawn/node_modules/semver
659 silly ADD node_modules/cosmiconfig
660 silly ADD node_modules/core-util-is
661 silly ADD node_modules/core-js-compat
662 silly ADD node_modules/core-js
663 silly ADD node_modules/copy-webpack-plugin
664 silly ADD node_modules/copy-webpack-plugin/node_modules/schema-utils
665 silly ADD node_modules/cookie-signature
666 silly ADD node_modules/cookie
667 silly ADD node_modules/convert-source-map
668 silly ADD node_modules/content-type
669 silly ADD node_modules/content-disposition
670 silly ADD node_modules/consolidate
671 silly ADD node_modules/connect-history-api-fallback
672 silly ADD node_modules/concat-map
673 silly ADD node_modules/compression
674 silly ADD node_modules/compression/node_modules/ms
675 silly ADD node_modules/compression/node_modules/debug
676 silly ADD node_modules/compressible
677 silly ADD node_modules/commondir
678 silly ADD node_modules/commander
679 silly ADD node_modules/combined-stream
680 silly ADD node_modules/colorette
681 silly ADD node_modules/colord
682 silly ADD node_modules/color-name
683 silly ADD node_modules/color-convert
684 silly ADD node_modules/clone-deep
685 silly ADD node_modules/clone
686 silly ADD node_modules/cliui
687 silly ADD node_modules/clipboardy
688 silly ADD node_modules/cli-spinners
689 silly ADD node_modules/cli-highlight
690 silly ADD node_modules/cli-highlight/node_modules/chalk
691 silly ADD node_modules/cli-cursor
692 silly ADD node_modules/clean-css
693 silly ADD node_modules/ci-info
694 silly ADD node_modules/chrome-trace-event
695 silly ADD node_modules/chokidar
696 silly ADD node_modules/chokidar/node_modules/glob-parent
697 silly ADD node_modules/chalk
698 silly ADD node_modules/case-sensitive-paths-webpack-plugin
699 silly ADD node_modules/caniuse-lite
700 silly ADD node_modules/caniuse-api
701 silly ADD node_modules/camelcase
702 silly ADD node_modules/camel-case
703 silly ADD node_modules/callsites
704 silly ADD node_modules/call-bound
705 silly ADD node_modules/call-bind-apply-helpers
706 silly ADD node_modules/call-bind
707 silly ADD node_modules/bytes
708 silly ADD node_modules/buffer-from
709 silly ADD node_modules/buffer
710 silly ADD node_modules/browserslist
711 silly ADD node_modules/braces
712 silly ADD node_modules/brace-expansion
713 silly ADD node_modules/boolbase
714 silly ADD node_modules/bonjour-service
715 silly ADD node_modules/body-parser
716 silly ADD node_modules/body-parser/node_modules/ms
717 silly ADD node_modules/body-parser/node_modules/debug
718 silly ADD node_modules/bluebird
719 silly ADD node_modules/bl
720 silly ADD node_modules/binary-extensions
721 silly ADD node_modules/big.js
722 silly ADD node_modules/batch
723 silly ADD node_modules/baseline-browser-mapping
724 silly ADD node_modules/base64-js
725 silly ADD node_modules/balanced-match
726 silly ADD node_modules/babel-runtime
727 silly ADD node_modules/babel-runtime/node_modules/core-js
728 silly ADD node_modules/babel-plugin-polyfill-regenerator
729 silly ADD node_modules/babel-plugin-polyfill-corejs3
730 silly ADD node_modules/babel-plugin-polyfill-corejs2
731 silly ADD node_modules/babel-plugin-dynamic-import-node
732 silly ADD node_modules/babel-loader
733 silly ADD node_modules/babel-loader/node_modules/loader-utils
734 silly ADD node_modules/babel-helper-vue-jsx-merge-props
735 silly ADD node_modules/axios
736 silly ADD node_modules/autoprefixer
737 silly ADD node_modules/at-least-node
738 silly ADD node_modules/asynckit
739 silly ADD node_modules/async-validator
740 silly ADD node_modules/async
741 silly ADD node_modules/astral-regex
742 silly ADD node_modules/array-union
743 silly ADD node_modules/array-flatten
744 silly ADD node_modules/argparse
745 silly ADD node_modules/arch
746 silly ADD node_modules/anymatch
747 silly ADD node_modules/any-promise
748 silly ADD node_modules/ansi-styles
749 silly ADD node_modules/ansi-regex
750 silly ADD node_modules/ansi-html-community
751 silly ADD node_modules/ansi-escapes
752 silly ADD node_modules/ansi-colors
753 silly ADD node_modules/ajv-keywords
754 silly ADD node_modules/ajv-formats
755 silly ADD node_modules/ajv-formats/node_modules/json-schema-traverse
756 silly ADD node_modules/ajv-formats/node_modules/ajv
757 silly ADD node_modules/ajv
758 silly ADD node_modules/address
759 silly ADD node_modules/acorn-walk
760 silly ADD node_modules/acorn-jsx
761 silly ADD node_modules/acorn-import-phases
762 silly ADD node_modules/acorn
763 silly ADD node_modules/accepts
764 silly ADD node_modules/accepts/node_modules/negotiator
765 silly ADD node_modules/@xtuc/long
766 silly ADD node_modules/@xtuc/ieee754
767 silly ADD node_modules/@webassemblyjs/wast-printer
768 silly ADD node_modules/@webassemblyjs/wasm-parser
769 silly ADD node_modules/@webassemblyjs/wasm-opt
770 silly ADD node_modules/@webassemblyjs/wasm-gen
771 silly ADD node_modules/@webassemblyjs/wasm-edit
772 silly ADD node_modules/@webassemblyjs/utf8
773 silly ADD node_modules/@webassemblyjs/leb128
774 silly ADD node_modules/@webassemblyjs/ieee754
775 silly ADD node_modules/@webassemblyjs/helper-wasm-section
776 silly ADD node_modules/@webassemblyjs/helper-wasm-bytecode
777 silly ADD node_modules/@webassemblyjs/helper-numbers
778 silly ADD node_modules/@webassemblyjs/helper-buffer
779 silly ADD node_modules/@webassemblyjs/helper-api-error
780 silly ADD node_modules/@webassemblyjs/floating-point-hex-parser
781 silly ADD node_modules/@webassemblyjs/ast
782 silly ADD node_modules/@vue/web-component-wrapper
783 silly ADD node_modules/@vue/vue-loader-v15
784 silly ADD node_modules/@vue/vue-loader-v15/node_modules/hash-sum
785 silly ADD node_modules/@vue/shared
786 silly ADD node_modules/@vue/component-compiler-utils
787 silly ADD node_modules/@vue/component-compiler-utils/node_modules/yallist
788 silly ADD node_modules/@vue/component-compiler-utils/node_modules/postcss
789 silly ADD node_modules/@vue/component-compiler-utils/node_modules/picocolors
790 silly ADD node_modules/@vue/component-compiler-utils/node_modules/lru-cache
791 silly ADD node_modules/@vue/component-compiler-utils/node_modules/hash-sum
792 silly ADD node_modules/@vue/compiler-ssr
793 silly ADD node_modules/@vue/compiler-sfc
794 silly ADD node_modules/@vue/compiler-dom
795 silly ADD node_modules/@vue/compiler-core
796 silly ADD node_modules/@vue/cli-shared-utils
797 silly ADD node_modules/@vue/cli-shared-utils/node_modules/yallist
798 silly ADD node_modules/@vue/cli-shared-utils/node_modules/semver
799 silly ADD node_modules/@vue/cli-shared-utils/node_modules/lru-cache
800 silly ADD node_modules/@vue/cli-shared-utils/node_modules/chalk
801 silly ADD node_modules/@vue/cli-service
802 silly ADD node_modules/@vue/cli-plugin-vuex
803 silly ADD node_modules/@vue/cli-plugin-router
804 silly ADD node_modules/@vue/cli-plugin-eslint
805 silly ADD node_modules/@vue/cli-plugin-babel
806 silly ADD node_modules/@vue/cli-overlay
807 silly ADD node_modules/@vue/babel-sugar-v-on
808 silly ADD node_modules/@vue/babel-sugar-v-model
809 silly ADD node_modules/@vue/babel-sugar-inject-h
810 silly ADD node_modules/@vue/babel-sugar-functional-vue
811 silly ADD node_modules/@vue/babel-sugar-composition-api-render-instance
812 silly ADD node_modules/@vue/babel-sugar-composition-api-inject-h
813 silly ADD node_modules/@vue/babel-preset-jsx
814 silly ADD node_modules/@vue/babel-preset-app
815 silly ADD node_modules/@vue/babel-preset-app/node_modules/semver
816 silly ADD node_modules/@vue/babel-plugin-transform-vue-jsx
817 silly ADD node_modules/@vue/babel-plugin-resolve-type
818 silly ADD node_modules/@vue/babel-plugin-jsx
819 silly ADD node_modules/@vue/babel-helper-vue-transform-on
820 silly ADD node_modules/@vue/babel-helper-vue-jsx-merge-props
821 silly ADD node_modules/@types/ws
822 silly ADD node_modules/@types/sockjs
823 silly ADD node_modules/@types/serve-static
824 silly ADD node_modules/@types/serve-static/node_modules/@types/send
825 silly ADD node_modules/@types/serve-index
826 silly ADD node_modules/@types/send
827 silly ADD node_modules/@types/retry
828 silly ADD node_modules/@types/range-parser
829 silly ADD node_modules/@types/qs
830 silly ADD node_modules/@types/parse-json
831 silly ADD node_modules/@types/normalize-package-data
832 silly ADD node_modules/@types/node-forge
833 silly ADD node_modules/@types/node
834 silly ADD node_modules/@types/minimist
835 silly ADD node_modules/@types/mime
836 silly ADD node_modules/@types/json-schema
837 silly ADD node_modules/@types/http-proxy
838 silly ADD node_modules/@types/http-errors
839 silly ADD node_modules/@types/html-minifier-terser
840 silly ADD node_modules/@types/express-serve-static-core
841 silly ADD node_modules/@types/express
842 silly ADD node_modules/@types/express/node_modules/@types/express-serve-static-core
843 silly ADD node_modules/@types/estree
844 silly ADD node_modules/@types/eslint-scope
845 silly ADD node_modules/@types/eslint
846 silly ADD node_modules/@types/connect-history-api-fallback
847 silly ADD node_modules/@types/connect
848 silly ADD node_modules/@types/bonjour
849 silly ADD node_modules/@types/body-parser
850 silly ADD node_modules/@trysound/sax
851 silly ADD node_modules/@soda/get-current-script
852 silly ADD node_modules/@soda/friendly-errors-webpack-plugin
853 silly ADD node_modules/@sideway/pinpoint
854 silly ADD node_modules/@sideway/formula
855 silly ADD node_modules/@sideway/address
856 silly ADD node_modules/@polka/url
857 silly ADD node_modules/@nodelib/fs.walk
858 silly ADD node_modules/@nodelib/fs.stat
859 silly ADD node_modules/@nodelib/fs.scandir
860 silly ADD node_modules/@node-ipc/js-queue
861 silly ADD node_modules/@nicolo-ribaudo/eslint-scope-5-internals
862 silly ADD node_modules/@leichtgewicht/ip-codec
863 silly ADD node_modules/@jridgewell/trace-mapping
864 silly ADD node_modules/@jridgewell/sourcemap-codec
865 silly ADD node_modules/@jridgewell/source-map
866 silly ADD node_modules/@jridgewell/resolve-uri
867 silly ADD node_modules/@jridgewell/remapping
868 silly ADD node_modules/@jridgewell/gen-mapping
869 silly ADD node_modules/@humanwhocodes/object-schema
870 silly ADD node_modules/@humanwhocodes/config-array
871 silly ADD node_modules/@hapi/topo
872 silly ADD node_modules/@hapi/hoek
873 silly ADD node_modules/@eslint/eslintrc
874 silly ADD node_modules/@eslint/eslintrc/node_modules/ignore
875 silly ADD node_modules/@discoveryjs/json-ext
876 silly ADD node_modules/@babel/types
877 silly ADD node_modules/@babel/traverse
878 silly ADD node_modules/@babel/template
879 silly ADD node_modules/@babel/runtime
880 silly ADD node_modules/@babel/preset-modules
881 silly ADD node_modules/@babel/preset-env
882 silly ADD node_modules/@babel/plugin-transform-unicode-sets-regex
883 silly ADD node_modules/@babel/plugin-transform-unicode-regex
884 silly ADD node_modules/@babel/plugin-transform-unicode-property-regex
885 silly ADD node_modules/@babel/plugin-transform-unicode-escapes
886 silly ADD node_modules/@babel/plugin-transform-typeof-symbol
887 silly ADD node_modules/@babel/plugin-transform-template-literals
888 silly ADD node_modules/@babel/plugin-transform-sticky-regex
889 silly ADD node_modules/@babel/plugin-transform-spread
890 silly ADD node_modules/@babel/plugin-transform-shorthand-properties
891 silly ADD node_modules/@babel/plugin-transform-runtime
892 silly ADD node_modules/@babel/plugin-transform-reserved-words
893 silly ADD node_modules/@babel/plugin-transform-regexp-modifiers
894 silly ADD node_modules/@babel/plugin-transform-regenerator
895 silly ADD node_modules/@babel/plugin-transform-property-literals
896 silly ADD node_modules/@babel/plugin-transform-private-property-in-object
897 silly ADD node_modules/@babel/plugin-transform-private-methods
898 silly ADD node_modules/@babel/plugin-transform-parameters
899 silly ADD node_modules/@babel/plugin-transform-optional-chaining
900 silly ADD node_modules/@babel/plugin-transform-optional-catch-binding
901 silly ADD node_modules/@babel/plugin-transform-object-super
902 silly ADD node_modules/@babel/plugin-transform-object-rest-spread
903 silly ADD node_modules/@babel/plugin-transform-numeric-separator
904 silly ADD node_modules/@babel/plugin-transform-nullish-coalescing-operator
905 silly ADD node_modules/@babel/plugin-transform-new-target
906 silly ADD node_modules/@babel/plugin-transform-named-capturing-groups-regex
907 silly ADD node_modules/@babel/plugin-transform-modules-umd
908 silly ADD node_modules/@babel/plugin-transform-modules-systemjs
909 silly ADD node_modules/@babel/plugin-transform-modules-commonjs
910 silly ADD node_modules/@babel/plugin-transform-modules-amd
911 silly ADD node_modules/@babel/plugin-transform-member-expression-literals
912 silly ADD node_modules/@babel/plugin-transform-logical-assignment-operators
913 silly ADD node_modules/@babel/plugin-transform-literals
914 silly ADD node_modules/@babel/plugin-transform-json-strings
915 silly ADD node_modules/@babel/plugin-transform-function-name
916 silly ADD node_modules/@babel/plugin-transform-for-of
917 silly ADD node_modules/@babel/plugin-transform-export-namespace-from
918 silly ADD node_modules/@babel/plugin-transform-exponentiation-operator
919 silly ADD node_modules/@babel/plugin-transform-explicit-resource-management
920 silly ADD node_modules/@babel/plugin-transform-dynamic-import
921 silly ADD node_modules/@babel/plugin-transform-duplicate-named-capturing-groups-regex
922 silly ADD node_modules/@babel/plugin-transform-duplicate-keys
923 silly ADD node_modules/@babel/plugin-transform-dotall-regex
924 silly ADD node_modules/@babel/plugin-transform-destructuring
925 silly ADD node_modules/@babel/plugin-transform-computed-properties
926 silly ADD node_modules/@babel/plugin-transform-classes
927 silly ADD node_modules/@babel/plugin-transform-class-static-block
928 silly ADD node_modules/@babel/plugin-transform-class-properties
929 silly ADD node_modules/@babel/plugin-transform-block-scoping
930 silly ADD node_modules/@babel/plugin-transform-block-scoped-functions
931 silly ADD node_modules/@babel/plugin-transform-async-to-generator
932 silly ADD node_modules/@babel/plugin-transform-async-generator-functions
933 silly ADD node_modules/@babel/plugin-transform-arrow-functions
934 silly ADD node_modules/@babel/plugin-syntax-unicode-sets-regex
935 silly ADD node_modules/@babel/plugin-syntax-jsx
936 silly ADD node_modules/@babel/plugin-syntax-import-attributes
937 silly ADD node_modules/@babel/plugin-syntax-import-assertions
938 silly ADD node_modules/@babel/plugin-syntax-dynamic-import
939 silly ADD node_modules/@babel/plugin-syntax-decorators
940 silly ADD node_modules/@babel/plugin-proposal-private-property-in-object
941 silly ADD node_modules/@babel/plugin-proposal-decorators
942 silly ADD node_modules/@babel/plugin-proposal-class-properties
943 silly ADD node_modules/@babel/plugin-bugfix-v8-static-class-fields-redefine-readonly
944 silly ADD node_modules/@babel/plugin-bugfix-v8-spread-parameters-in-optional-chaining
945 silly ADD node_modules/@babel/plugin-bugfix-safari-id-destructuring-collision-in-function-expression
946 silly ADD node_modules/@babel/plugin-bugfix-safari-class-field-initializer-scope
947 silly ADD node_modules/@babel/plugin-bugfix-firefox-class-in-computed-class-key
948 silly ADD node_modules/@babel/parser
949 silly ADD node_modules/@babel/highlight
950 silly ADD node_modules/@babel/highlight/node_modules/supports-color
951 silly ADD node_modules/@babel/highlight/node_modules/has-flag
952 silly ADD node_modules/@babel/highlight/node_modules/color-name
953 silly ADD node_modules/@babel/highlight/node_modules/color-convert
954 silly ADD node_modules/@babel/highlight/node_modules/chalk
955 silly ADD node_modules/@babel/highlight/node_modules/ansi-styles
956 silly ADD node_modules/@babel/helpers
957 silly ADD node_modules/@babel/helper-wrap-function
958 silly ADD node_modules/@babel/helper-validator-option
959 silly ADD node_modules/@babel/helper-validator-identifier
960 silly ADD node_modules/@babel/helper-string-parser
961 silly ADD node_modules/@babel/helper-skip-transparent-expression-wrappers
962 silly ADD node_modules/@babel/helper-replace-supers
963 silly ADD node_modules/@babel/helper-remap-async-to-generator
964 silly ADD node_modules/@babel/helper-plugin-utils
965 silly ADD node_modules/@babel/helper-optimise-call-expression
966 silly ADD node_modules/@babel/helper-module-transforms
967 silly ADD node_modules/@babel/helper-module-imports
968 silly ADD node_modules/@babel/helper-member-expression-to-functions
969 silly ADD node_modules/@babel/helper-globals
970 silly ADD node_modules/@babel/helper-define-polyfill-provider
971 silly ADD node_modules/@babel/helper-create-regexp-features-plugin
972 silly ADD node_modules/@babel/helper-create-class-features-plugin
973 silly ADD node_modules/@babel/helper-compilation-targets
974 silly ADD node_modules/@babel/helper-annotate-as-pure
975 silly ADD node_modules/@babel/generator
976 silly ADD node_modules/@babel/eslint-parser
977 silly ADD node_modules/@babel/core
978 silly ADD node_modules/@babel/compat-data
979 silly ADD node_modules/@babel/code-frame
980 silly ADD node_modules/@achrinza/node-ipc
981 silly CHANGE node_modules/echarts
982 silly ADD node_modules/echarts/node_modules/tslib
983 verbose cwd D:\Users\xjz20\Documents\GitHub\video-analysis-and-recommendation-system\frontend-web
984 verbose os Windows_NT 10.0.26100
985 verbose node v20.19.6
986 verbose npm  v10.8.2
987 verbose exit 0
988 info ok
